F:\backup\S11 乐山天立幕墙大区 11.5--审图打印\JS JZ JP MT,YP节点.dwg,模型,2019/5/6 14:55:41,homeDesignCAD,DWG To PDF.pc3,ISO full bleed A2 (594.00 x 420.00 毫米),1:510.182,
F:\backup\S11 乐山天立幕墙大区 11.5--审图打印\JS JZ JP MT,YP节点.dwg,模型,2019/5/6 14:55:44,homeDesignCAD,DWG To PDF.pc3,ISO full bleed A2 (594.00 x 420.00 毫米),1:255.219,
F:\backup\S11 乐山天立幕墙大区 11.5--审图打印\JS JZ JP MT,YP节点.dwg,模型,2019/5/6 14:55:49,homeDesignCAD,DWG To PDF.pc3,ISO full bleed A2 (594.00 x 420.00 毫米),1:255.219,
F:\backup\S11 乐山天立幕墙大区 11.5--审图打印\JS JZ JP MT,YP节点.dwg,模型,2019/5/6 14:55:52,homeDesignCAD,DWG To PDF.pc3,ISO full bleed A2 (594.00 x 420.00 毫米),1:255.219,
F:\backup\S11 乐山天立幕墙大区 11.5--审图打印\JS JZ JP MT,YP节点.dwg,模型,2019/5/6 14:55:55,homeDesignCAD,DWG To PDF.pc3,ISO full bleed A2 (420.00 x 594.00 毫米),1:255.219,
F:\backup\S11 乐山天立幕墙大区 11.5--审图打印\JS JZ JP MT,YP节点.dwg,模型,2019/5/6 14:55:57,homeDesignCAD,DWG To PDF.pc3,ISO full bleed A2 (420.00 x 594.00 毫米),1:255.219,
F:\backup\S11 乐山天立幕墙大区 11.5--审图打印\JS JZ JP MT,YP节点.dwg,模型,2019/5/6 14:56:00,homeDesignCAD,DWG To PDF.pc3,ISO full bleed A2 (594.00 x 420.00 毫米),1:204.226,
F:\backup\S11 乐山天立幕墙大区 11.5--审图打印\JS JZ JP MT,YP节点.dwg,模型,2019/5/6 14:56:02,homeDesignCAD,DWG To PDF.pc3,ISO full bleed A2 (594.00 x 420.00 毫米),1:127.737,
F:\backup\S11 乐山天立幕墙大区 11.5--审图打印\JS JZ JP MT,YP节点.dwg,模型,2019/5/6 14:56:05,homeDesignCAD,DWG To PDF.pc3,ISO full bleed A2 (594.00 x 420.00 毫米),1:127.737,
F:\backup\S11 乐山天立幕墙大区 11.5--审图打印\JS JZ JP MT,YP节点.dwg,模型,2019/5/6 14:56:07,homeDesignCAD,DWG To PDF.pc3,ISO full bleed A2 (594.00 x 420.00 毫米),1:127.737,
F:\backup\S11 乐山天立幕墙大区 11.5--审图打印\JS JZ JP MT,YP节点.dwg,模型,2019/5/6 14:56:10,homeDesignCAD,DWG To PDF.pc3,ISO full bleed A2 (594.00 x 420.00 毫米),1:255.219,
F:\backup\S11 乐山天立幕墙大区 11.5--审图打印\JS JZ JP MT,YP节点.dwg,模型,2019/5/6 14:56:12,homeDesignCAD,DWG To PDF.pc3,ISO full bleed A2 (420.00 x 594.00 毫米),1:255.219,
F:\backup\S11 乐山天立幕墙大区 11.5--审图打印\JS JZ JP MT,YP节点.dwg,模型,2019/5/6 14:56:15,homeDesignCAD,DWG To PDF.pc3,ISO full bleed A2 (420.00 x 594.00 毫米),1:255.219,
F:\backup\S11 乐山天立幕墙大区 11.5--审图打印\JS JZ JP MT,YP节点.dwg,模型,2019/5/6 14:56:17,homeDesignCAD,DWG To PDF.pc3,ISO full bleed A2 (594.00 x 420.00 毫米),1:127.737,
F:\backup\S11 乐山天立幕墙大区 11.5--审图打印\JS JZ JP MT,YP节点.dwg,模型,2019/5/6 14:56:19,homeDesignCAD,DWG To PDF.pc3,ISO full bleed A2 (594.00 x 420.00 毫米),1:255.219,
F:\backup\S11 乐山天立幕墙大区 11.5--审图打印\JS JZ JP MT,YP节点.dwg,模型,2019/5/6 14:56:22,homeDesignCAD,DWG To PDF.pc3,ISO full bleed A2 (420.00 x 594.00 毫米),1:382.701,
F:\backup\S11 乐山天立幕墙大区 11.5--审图打印\JS JZ JP MT,YP节点.dwg,模型,2019/5/6 14:56:24,homeDesignCAD,DWG To PDF.pc3,ISO full bleed A2 (420.00 x 594.00 毫米),1:255.219,
F:\backup\S11 乐山天立幕墙大区 11.5--审图打印\JS JZ JP MT,YP节点.dwg,模型,2019/5/6 14:56:27,homeDesignCAD,DWG To PDF.pc3,ISO full bleed A2 (594.00 x 420.00 毫米),1:51.2477,
F:\backup\S11 乐山天立幕墙大区 11.5--审图打印\JS JZ JP MT,YP节点.dwg,模型,2019/5/6 14:56:29,homeDesignCAD,DWG To PDF.pc3,ISO full bleed A2 (594.00 x 420.00 毫米),1:127.737,
F:\backup\S11 乐山天立幕墙大区 11.5--审图打印\JS JZ JP MT,YP节点.dwg,模型,2019/5/6 14:56:31,homeDesignCAD,DWG To PDF.pc3,ISO full bleed A2 (594.00 x 420.00 毫米),1:127.737,
F:\backup\S11 乐山天立幕墙大区 11.5--审图打印\JS JZ JP MT,YP节点.dwg,模型,2019/5/6 14:56:33,homeDesignCAD,DWG To PDF.pc3,ISO full bleed A2 (594.00 x 420.00 毫米),1:382.701,
F:\backup\S11 乐山天立幕墙大区 11.5--审图打印\JS JZ JP MT,YP节点.dwg,模型,2019/5/6 14:56:35,homeDesignCAD,DWG To PDF.pc3,ISO full bleed A2 (594.00 x 420.00 毫米),1:255.219,
F:\backup\S11 乐山天立幕墙大区 11.5--审图打印\JS JZ JP MT,YP节点.dwg,模型,2019/5/6 14:56:37,homeDesignCAD,DWG To PDF.pc3,ISO full bleed A2 (594.00 x 420.00 毫米),1:255.219,
F:\backup\S11 乐山天立幕墙大区 11.5--审图打印\JS JZ JP MT,YP节点.dwg,模型,2019/5/6 14:56:38,homeDesignCAD,DWG To PDF.pc3,ISO full bleed A2 (420.00 x 594.00 毫米),1:510.182,
F:\backup\S11 乐山天立幕墙大区 11.5--审图打印\JS JZ JP MT,YP节点.dwg,模型,2019/5/6 14:56:40,homeDesignCAD,DWG To PDF.pc3,ISO full bleed A2 (594.00 x 420.00 毫米),1:255.219,
F:\backup\S11 乐山天立幕墙大区 11.5--审图打印\JS JZ JP MT,YP节点.dwg,模型,2019/5/6 15:03:34,homeDesignCAD,DWG To PDF.pc3,ISO full bleed A2 (594.00 x 420.00 毫米),1:510.182,
F:\backup\S11 乐山天立幕墙大区 11.5--审图打印\JS JZ JP MT,YP节点.dwg,模型,2019/5/6 15:03:36,homeDesignCAD,DWG To PDF.pc3,ISO full bleed A2 (594.00 x 420.00 毫米),1:255.219,
F:\backup\S11 乐山天立幕墙大区 11.5--审图打印\JS JZ JP MT,YP节点.dwg,模型,2019/5/6 15:03:38,homeDesignCAD,DWG To PDF.pc3,ISO full bleed A2 (594.00 x 420.00 毫米),1:255.219,
F:\backup\S11 乐山天立幕墙大区 11.5--审图打印\JS JZ JP MT,YP节点.dwg,模型,2019/5/6 15:03:39,homeDesignCAD,DWG To PDF.pc3,ISO full bleed A2 (594.00 x 420.00 毫米),1:255.219,
F:\backup\S11 乐山天立幕墙大区 11.5--审图打印\JS JZ JP MT,YP节点.dwg,模型,2019/5/6 15:03:41,homeDesignCAD,DWG To PDF.pc3,ISO full bleed A2 (420.00 x 594.00 毫米),1:255.219,
F:\backup\S11 乐山天立幕墙大区 11.5--审图打印\JS JZ JP MT,YP节点.dwg,模型,2019/5/6 15:03:42,homeDesignCAD,DWG To PDF.pc3,ISO full bleed A2 (420.00 x 594.00 毫米),1:255.219,
F:\backup\S11 乐山天立幕墙大区 11.5--审图打印\JS JZ JP MT,YP节点.dwg,模型,2019/5/6 15:03:44,homeDesignCAD,DWG To PDF.pc3,ISO full bleed A2 (594.00 x 420.00 毫米),1:204.226,
F:\backup\S11 乐山天立幕墙大区 11.5--审图打印\JS JZ JP MT,YP节点.dwg,模型,2019/5/6 15:03:45,homeDesignCAD,DWG To PDF.pc3,ISO full bleed A2 (594.00 x 420.00 毫米),1:127.737,
F:\backup\S11 乐山天立幕墙大区 11.5--审图打印\JS JZ JP MT,YP节点.dwg,模型,2019/5/6 15:03:46,homeDesignCAD,DWG To PDF.pc3,ISO full bleed A2 (594.00 x 420.00 毫米),1:127.737,
F:\backup\S11 乐山天立幕墙大区 11.5--审图打印\JS JZ JP MT,YP节点.dwg,模型,2019/5/6 15:03:47,homeDesignCAD,DWG To PDF.pc3,ISO full bleed A2 (594.00 x 420.00 毫米),1:127.737,
F:\backup\S11 乐山天立幕墙大区 11.5--审图打印\JS JZ JP MT,YP节点.dwg,模型,2019/5/6 15:03:48,homeDesignCAD,DWG To PDF.pc3,ISO full bleed A2 (594.00 x 420.00 毫米),1:255.219,
F:\backup\S11 乐山天立幕墙大区 11.5--审图打印\JS JZ JP MT,YP节点.dwg,模型,2019/5/6 15:03:49,homeDesignCAD,DWG To PDF.pc3,ISO full bleed A2 (420.00 x 594.00 毫米),1:255.219,
F:\backup\S11 乐山天立幕墙大区 11.5--审图打印\JS JZ JP MT,YP节点.dwg,模型,2019/5/6 15:03:51,homeDesignCAD,DWG To PDF.pc3,ISO full bleed A2 (420.00 x 594.00 毫米),1:255.219,
F:\backup\S11 乐山天立幕墙大区 11.5--审图打印\JS JZ JP MT,YP节点.dwg,模型,2019/5/6 15:03:52,homeDesignCAD,DWG To PDF.pc3,ISO full bleed A2 (594.00 x 420.00 毫米),1:127.737,
F:\backup\S11 乐山天立幕墙大区 11.5--审图打印\JS JZ JP MT,YP节点.dwg,模型,2019/5/6 15:03:53,homeDesignCAD,DWG To PDF.pc3,ISO full bleed A2 (594.00 x 420.00 毫米),1:255.219,
F:\backup\S11 乐山天立幕墙大区 11.5--审图打印\JS JZ JP MT,YP节点.dwg,模型,2019/5/6 15:03:55,homeDesignCAD,DWG To PDF.pc3,ISO full bleed A2 (420.00 x 594.00 毫米),1:382.701,
F:\backup\S11 乐山天立幕墙大区 11.5--审图打印\JS JZ JP MT,YP节点.dwg,模型,2019/5/6 15:03:56,homeDesignCAD,DWG To PDF.pc3,ISO full bleed A2 (420.00 x 594.00 毫米),1:255.219,
F:\backup\S11 乐山天立幕墙大区 11.5--审图打印\JS JZ JP MT,YP节点.dwg,模型,2019/5/6 15:03:57,homeDesignCAD,DWG To PDF.pc3,ISO full bleed A2 (594.00 x 420.00 毫米),1:51.2477,
F:\backup\S11 乐山天立幕墙大区 11.5--审图打印\JS JZ JP MT,YP节点.dwg,模型,2019/5/6 15:03:59,homeDesignCAD,DWG To PDF.pc3,ISO full bleed A2 (594.00 x 420.00 毫米),1:127.737,
F:\backup\S11 乐山天立幕墙大区 11.5--审图打印\JS JZ JP MT,YP节点.dwg,模型,2019/5/6 15:04:00,homeDesignCAD,DWG To PDF.pc3,ISO full bleed A2 (594.00 x 420.00 毫米),1:127.737,
F:\backup\S11 乐山天立幕墙大区 11.5--审图打印\JS JZ JP MT,YP节点.dwg,模型,2019/5/6 15:04:01,homeDesignCAD,DWG To PDF.pc3,ISO full bleed A2 (594.00 x 420.00 毫米),1:382.701,
F:\backup\S11 乐山天立幕墙大区 11.5--审图打印\JS JZ JP MT,YP节点.dwg,模型,2019/5/6 15:04:02,homeDesignCAD,DWG To PDF.pc3,ISO full bleed A2 (594.00 x 420.00 毫米),1:255.219,
F:\backup\S11 乐山天立幕墙大区 11.5--审图打印\JS JZ JP MT,YP节点.dwg,模型,2019/5/6 15:04:04,homeDesignCAD,DWG To PDF.pc3,ISO full bleed A2 (594.00 x 420.00 毫米),1:255.219,
F:\backup\S11 乐山天立幕墙大区 11.5--审图打印\JS JZ JP MT,YP节点.dwg,模型,2019/5/6 15:04:05,homeDesignCAD,DWG To PDF.pc3,ISO full bleed A2 (420.00 x 594.00 毫米),1:510.182,
F:\backup\S11 乐山天立幕墙大区 11.5--审图打印\JS JZ JP MT,YP节点.dwg,模型,2019/5/6 15:04:07,homeDesignCAD,DWG To PDF.pc3,ISO full bleed A2 (594.00 x 420.00 毫米),1:255.219,
F:\backup\S11 乐山天立幕墙大区 11.5--审图打印\JS JZ JP MT,YP节点.dwg,模型,2019/5/6 15:04:08,homeDesignCAD,DWG To PDF.pc3,ISO full bleed A2 (594.00 x 420.00 毫米),1:255.219,
F:\W 外幕墙\2018年\4-8\L  乐山天立・御景峰\S 乐山施工图\S11 乐山天立幕墙大区 11.5--审图打印\JS JZ JP MT,YP节点.dwg,模型,2009/5/6 15:06:36,Administrator,DWG To PDF.pc3,ISO full bleed A2 (594.00 x 420.00 毫米),1:255.219,
F:\W 外幕墙\2018年\4-8\L  乐山天立・御景峰\S 乐山施工图\S11 乐山天立幕墙大区 11.5--审图打印\JS JZ JP MT,YP节点.dwg,模型,2009/5/6 15:06:37,Administrator,DWG To PDF.pc3,ISO full bleed A2 (594.00 x 420.00 毫米),1:255.219,
F:\W 外幕墙\2018年\4-8\L  乐山天立・御景峰\S 乐山施工图\S11 乐山天立幕墙大区 11.5--审图打印\JS JZ JP MT,YP节点.dwg,模型,2009/5/6 15:06:38,Administrator,DWG To PDF.pc3,ISO full bleed A2 (594.00 x 420.00 毫米),1:127.737,
F:\W 外幕墙\2018年\4-8\L  乐山天立・御景峰\S 乐山施工图\S11 乐山天立幕墙大区 11.5--审图打印\JS JZ JP MT,YP节点.dwg,模型,2009/5/6 15:06:38,Administrator,DWG To PDF.pc3,ISO full bleed A2 (594.00 x 420.00 毫米),1:255.219,
F:\W 外幕墙\2018年\4-8\L  乐山天立・御景峰\S 乐山施工图\S11 乐山天立幕墙大区 11.5--审图打印\JS JZ JP MT,YP节点.dwg,模型,2009/5/6 15:06:38,Administrator,DWG To PDF.pc3,ISO full bleed A2 (594.00 x 420.00 毫米),1:127.737,
F:\W 外幕墙\2018年\4-8\L  乐山天立・御景峰\S 乐山施工图\S11 乐山天立幕墙大区 11.5--审图打印\JS JZ JP MT,YP节点.dwg,模型,2009/5/6 15:06:39,Administrator,DWG To PDF.pc3,ISO full bleed A2 (420.00 x 594.00 毫米),1:382.701,
F:\W 外幕墙\2018年\4-8\L  乐山天立・御景峰\S 乐山施工图\S11 乐山天立幕墙大区 11.5--审图打印\JS JZ JP MT,YP节点.dwg,模型,2009/5/6 15:06:39,Administrator,DWG To PDF.pc3,ISO full bleed A2 (420.00 x 594.00 毫米),1:255.219,
F:\W 外幕墙\2018年\4-8\L  乐山天立・御景峰\S 乐山施工图\S11 乐山天立幕墙大区 11.5--审图打印\JS JZ JP MT,YP节点.dwg,模型,2009/5/6 15:06:40,Administrator,DWG To PDF.pc3,ISO full bleed A2 (420.00 x 594.00 毫米),1:510.182,
F:\W 外幕墙\2018年\4-8\L  乐山天立・御景峰\S 乐山施工图\S11 乐山天立幕墙大区 11.5--审图打印\JS JZ JP MT,YP节点.dwg,模型,2009/5/6 15:06:40,Administrator,DWG To PDF.pc3,ISO full bleed A2 (594.00 x 420.00 毫米),1:255.219,
F:\W 外幕墙\2018年\4-8\L  乐山天立・御景峰\S 乐山施工图\S11 乐山天立幕墙大区 11.5--审图打印\JS JZ JP MT,YP节点.dwg,模型,2009/5/6 15:06:41,Administrator,DWG To PDF.pc3,ISO full bleed A2 (594.00 x 420.00 毫米),1:255.219,
C:\Users\Administrator\Desktop\S 荣盛一期幕墙施工图19.4.30W\荣盛节点.dwg,模型,2009/5/6 19:51:45,Administrator,DWG To PDF.pc3,ISO full bleed A2 (594.00 x 420.00 毫米),1:255.219,
C:\Users\Administrator\Desktop\S 荣盛一期幕墙施工图19.4.30W\荣盛节点.dwg,模型,2009/5/6 19:51:45,Administrator,DWG To PDF.pc3,ISO full bleed A2 (594.00 x 420.00 毫米),1:255.219,
C:\Users\Administrator\Desktop\S 荣盛一期幕墙施工图19.4.30W\荣盛节点.dwg,模型,2009/5/6 19:51:46,Administrator,DWG To PDF.pc3,ISO full bleed A2 (594.00 x 420.00 毫米),1:382.701,
C:\Users\Administrator\Desktop\S 荣盛一期幕墙施工图19.4.30W\荣盛节点.dwg,模型,2009/5/6 19:51:46,Administrator,DWG To PDF.pc3,ISO full bleed A2 (594.00 x 420.00 毫米),1:255.219,
C:\Users\Administrator\Desktop\S 荣盛一期幕墙施工图19.4.30W\荣盛节点.dwg,模型,2009/5/6 19:51:47,Administrator,DWG To PDF.pc3,ISO full bleed A2 (594.00 x 420.00 毫米),1:255.219,
C:\Users\Administrator\Desktop\S 荣盛一期幕墙施工图19.4.30W\荣盛节点.dwg,模型,2009/5/6 19:51:47,Administrator,DWG To PDF.pc3,ISO full bleed A2 (594.00 x 420.00 毫米),1:255.219,
C:\Users\Administrator\Desktop\S 荣盛一期幕墙施工图19.4.30W\荣盛节点.dwg,模型,2009/5/6 19:51:48,Administrator,DWG To PDF.pc3,ISO full bleed A2 (594.00 x 420.00 毫米),1:255.219,
C:\Users\Administrator\Desktop\S 荣盛一期幕墙施工图19.4.30W\荣盛节点.dwg,模型,2009/5/6 19:51:48,Administrator,DWG To PDF.pc3,ISO full bleed A2 (594.00 x 420.00 毫米),1:255.219,
C:\Users\Administrator\Desktop\S 荣盛一期幕墙施工图19.4.30W\荣盛节点.dwg,模型,2009/5/6 19:52:32,Administrator,DWG To PDF.pc3,ISO full bleed A2 (594.00 x 420.00 毫米),1:255.219,
C:\Users\Administrator\Desktop\S 荣盛一期幕墙施工图19.4.30W\荣盛节点.dwg,模型,2009/5/6 19:52:33,Administrator,DWG To PDF.pc3,ISO full bleed A2 (594.00 x 420.00 毫米),1:255.219,
C:\Users\Administrator\Desktop\S 荣盛一期幕墙施工图19.4.30W\荣盛节点.dwg,模型,2009/5/6 19:52:33,Administrator,DWG To PDF.pc3,ISO full bleed A2 (594.00 x 420.00 毫米),1:255.219,
C:\Users\Administrator\Desktop\S 荣盛一期幕墙施工图19.4.30W\荣盛节点.dwg,模型,2009/5/6 19:52:34,Administrator,DWG To PDF.pc3,ISO full bleed A2 (594.00 x 420.00 毫米),1:382.701,
C:\Users\Administrator\Desktop\S 荣盛一期幕墙施工图19.4.30W\荣盛节点.dwg,模型,2009/5/6 19:52:34,Administrator,DWG To PDF.pc3,ISO full bleed A2 (594.00 x 420.00 毫米),1:255.219,
C:\Users\Administrator\Desktop\S 荣盛一期幕墙施工图19.4.30W\荣盛节点.dwg,模型,2009/5/6 19:52:35,Administrator,DWG To PDF.pc3,ISO full bleed A2 (594.00 x 420.00 毫米),1:255.219,
C:\Users\Administrator\Desktop\S 荣盛一期幕墙施工图19.4.30W\荣盛节点.dwg,模型,2009/5/6 19:52:36,Administrator,DWG To PDF.pc3,ISO full bleed A2 (594.00 x 420.00 毫米),1:255.219,
C:\Users\Administrator\Desktop\S 荣盛一期幕墙施工图19.4.30W\荣盛节点.dwg,模型,2009/5/6 19:52:36,Administrator,DWG To PDF.pc3,ISO full bleed A2 (594.00 x 420.00 毫米),1:255.219,
C:\Users\Administrator\Desktop\S 荣盛一期幕墙施工图19.4.30W\荣盛节点.dwg,模型,2009/5/6 19:52:37,Administrator,DWG To PDF.pc3,ISO full bleed A2 (594.00 x 420.00 毫米),1:255.219,
C:\Users\Administrator\Desktop\S 荣盛一期幕墙施工图19.4.30W\荣盛节点.dwg,模型,2009/5/6 19:52:37,Administrator,DWG To PDF.pc3,ISO full bleed A2 (594.00 x 420.00 毫米),1:765.146,
F:\W 外幕墙\2018年\9-12\Y誉府大门\CAD誉府门头施工图改18.11.29W--发招标\誉府门头 CAD11.29\景茂誉府幕墙平立剖、节点及设计说明.dwg,模型,2009/5/6 20:29:55,Administrator,DWG To PDF.pc3,ISO full bleed A2 (594.00 x 420.00 毫米),1:255.219,
F:\W 外幕墙\2018年\9-12\Y誉府大门\CAD誉府门头施工图改18.11.29W--发招标\誉府门头 CAD11.29\景茂誉府幕墙平立剖、节点及设计说明.dwg,模型,2009/5/6 20:29:56,Administrator,DWG To PDF.pc3,ISO full bleed A2 (594.00 x 420.00 毫米),1:510.182,
F:\W 外幕墙\2018年\9-12\Y誉府大门\CAD誉府门头施工图改18.11.29W--发招标\誉府门头 CAD11.29\景茂誉府幕墙平立剖、节点及设计说明.dwg,模型,2009/5/6 20:29:56,Administrator,DWG To PDF.pc3,ISO full bleed A2 (594.00 x 420.00 毫米),1:255.219,
F:\W 外幕墙\2018年\9-12\Y誉府大门\CAD誉府门头施工图改18.11.29W--发招标\誉府门头 CAD11.29\景茂誉府幕墙平立剖、节点及设计说明.dwg,模型,2009/5/6 20:29:57,Administrator,DWG To PDF.pc3,ISO full bleed A2 (420.00 x 594.00 毫米),1:255.219,
F:\W 外幕墙\2018年\9-12\Y誉府大门\CAD誉府门头施工图改18.11.29W--发招标\誉府门头 CAD11.29\景茂誉府幕墙平立剖、节点及设计说明.dwg,模型,2009/5/6 20:29:57,Administrator,DWG To PDF.pc3,ISO full bleed A2 (594.00 x 420.00 毫米),1:255.219,
F:\W 外幕墙\2018年\9-12\Y誉府大门\CAD誉府门头施工图改18.11.29W--发招标\誉府门头 CAD11.29\景茂誉府幕墙平立剖、节点及设计说明.dwg,模型,2009/5/6 20:29:58,Administrator,DWG To PDF.pc3,ISO full bleed A2 (594.00 x 420.00 毫米),1:255.219,
F:\W 外幕墙\2018年\9-12\Y誉府大门\CAD誉府门头施工图改18.11.29W--发招标\誉府门头 CAD11.29\景茂誉府幕墙平立剖、节点及设计说明.dwg,模型,2009/5/6 20:29:58,Administrator,DWG To PDF.pc3,ISO full bleed A2 (594.00 x 420.00 毫米),1:255.219,
F:\W 外幕墙\2018年\9-12\Y誉府大门\CAD誉府门头施工图改18.11.29W--发招标\誉府门头 CAD11.29\景茂誉府幕墙平立剖、节点及设计说明.dwg,模型,2009/5/6 20:29:59,Administrator,DWG To PDF.pc3,ISO full bleed A2 (594.00 x 420.00 毫米),1:51.2477,
F:\W 外幕墙\2018年\9-12\Y誉府大门\CAD誉府门头施工图改18.11.29W--发招标\誉府门头 CAD11.29\景茂誉府幕墙平立剖、节点及设计说明.dwg,模型,2009/5/6 20:29:59,Administrator,DWG To PDF.pc3,ISO full bleed A2 (594.00 x 420.00 毫米),1:51.2477,
F:\W 外幕墙\2018年\9-12\Y誉府大门\CAD誉府门头施工图改18.11.29W--发招标\誉府门头 CAD11.29\景茂誉府幕墙平立剖、节点及设计说明.dwg,模型,2009/5/6 20:29:59,Administrator,DWG To PDF.pc3,ISO full bleed A2 (594.00 x 420.00 毫米),1:255.219,
F:\W 外幕墙\2018年\9-12\Y誉府大门\CAD誉府门头施工图改18.11.29W--发招标\誉府门头 CAD11.29\景茂誉府幕墙平立剖、节点及设计说明.dwg,模型,2009/5/6 20:30:00,Administrator,DWG To PDF.pc3,ISO full bleed A2 (594.00 x 420.00 毫米),1:1275.07,
F:\W 外幕墙\2018年\9-12\Y誉府大门\CAD誉府门头施工图改18.11.29W--发招标\誉府门头 CAD11.29\景茂誉府幕墙平立剖、节点及设计说明.dwg,模型,2009/5/6 20:30:00,Administrator,DWG To PDF.pc3,ISO full bleed A2 (594.00 x 420.00 毫米),1:1275.07,
F:\W 外幕墙\2018年\9-12\Y誉府大门\CAD誉府门头施工图改18.11.29W--发招标\誉府门头 CAD11.29\景茂誉府幕墙平立剖、节点及设计说明.dwg,模型,2009/5/6 20:30:01,Administrator,DWG To PDF.pc3,ISO full bleed A2 (594.00 x 420.00 毫米),1:1275.07,
F:\W 外幕墙\2018年\9-12\Y誉府大门\CAD誉府门头施工图改18.11.29W--发招标\誉府门头 CAD11.29\景茂誉府幕墙平立剖、节点及设计说明.dwg,模型,2009/5/6 20:30:01,Administrator,DWG To PDF.pc3,ISO full bleed A2 (594.00 x 420.00 毫米),1:1530.04,
F:\W 外幕墙\2018年\9-12\Y誉府大门\CAD誉府门头施工图改18.11.29W--发招标\誉府门头 CAD11.29\景茂誉府幕墙平立剖、节点及设计说明.dwg,模型,2009/5/6 20:30:02,Administrator,DWG To PDF.pc3,ISO full bleed A2 (594.00 x 420.00 毫米),1:1275.07,
F:\W 外幕墙\2018年\9-12\Y誉府大门\CAD誉府门头施工图改18.11.29W--发招标\誉府门头 CAD11.29\景茂誉府幕墙平立剖、节点及设计说明.dwg,模型,2009/5/6 20:30:02,Administrator,DWG To PDF.pc3,ISO full bleed A2 (594.00 x 420.00 毫米),1:1275.07,
F:\W 外幕墙\2018年\9-12\Y誉府大门\CAD誉府门头施工图改18.11.29W--发招标\誉府门头 CAD11.29\景茂誉府幕墙平立剖、节点及设计说明.dwg,模型,2009/5/6 20:30:03,Administrator,DWG To PDF.pc3,ISO full bleed A2 (594.00 x 420.00 毫米),1:1275.07,
F:\W 外幕墙\2018年\9-12\Y誉府大门\CAD誉府门头施工图改18.11.29W--发招标\誉府门头 CAD11.29\景茂誉府幕墙平立剖、节点及设计说明.dwg,模型,2009/5/6 20:30:03,Administrator,DWG To PDF.pc3,ISO full bleed A2 (594.00 x 420.00 毫米),1:1275.07,
F:\W 外幕墙\2018年\9-12\Y誉府大门\CAD誉府门头施工图改18.11.29W--发招标\誉府门头 CAD11.29\景茂誉府幕墙平立剖、节点及设计说明.dwg,模型,2009/5/6 20:30:03,Administrator,DWG To PDF.pc3,ISO full bleed A2 (594.00 x 420.00 毫米),1:1275.07,
F:\W 外幕墙\2018年\9-12\Y誉府大门\CAD誉府门头施工图改18.11.29W--发招标\誉府门头 CAD11.29\景茂誉府幕墙平立剖、节点及设计说明.dwg,模型,2009/5/6 20:30:15,Administrator,DWG To PDF.pc3,ISO full bleed A2 (594.00 x 420.00 毫米),1:2549.89,
F:\W 外幕墙\2018年\9-12\Y誉府大门\CAD誉府门头施工图改18.11.29W--发招标\誉府门头 CAD11.29\景茂誉府幕墙平立剖、节点及设计说明.dwg,模型,2009/5/6 20:30:15,Administrator,DWG To PDF.pc3,ISO full bleed A2 (594.00 x 420.00 毫米),1:2549.89,
F:\W 外幕墙\2018年\4-8\L  乐山天立・御景峰\S 乐山施工图\S11 乐山天立幕墙大区 11.5--审图打印\JS JZ JP MT,YP节点.dwg,模型,2009/5/6 20:39:03,Administrator,DWG To PDF.pc3,ISO full bleed A2 (594.00 x 420.00 毫米),1:306.211,
F:\W 外幕墙\2018年\4-8\L  乐山天立・御景峰\S 乐山施工图\S11 乐山天立幕墙大区 11.5--审图打印\JS JZ JP MT,YP节点.dwg,模型,2009/5/6 20:39:04,Administrator,DWG To PDF.pc3,ISO full bleed A2 (594.00 x 420.00 毫米),1:127.737,
F:\W 外幕墙\2018年\4-8\L  乐山天立・御景峰\S 乐山施工图\S11 乐山天立幕墙大区 11.5--审图打印\JS JZ JP MT,YP节点.dwg,模型,2009/5/6 20:39:04,Administrator,DWG To PDF.pc3,ISO full bleed A2 (594.00 x 420.00 毫米),1:255.219,
F:\W 外幕墙\2018年\4-8\L  乐山天立・御景峰\S 乐山施工图\S11 乐山天立幕墙大区 11.5--审图打印\JS JZ JP MT,YP节点.dwg,模型,2009/5/6 20:39:05,Administrator,DWG To PDF.pc3,ISO full bleed A2 (594.00 x 420.00 毫米),1:255.219,
F:\W 外幕墙\2018年\4-8\L  乐山天立・御景峰\S 乐山施工图\S11 乐山天立幕墙大区 11.5--审图打印\JS JZ JP MT,YP节点.dwg,模型,2009/5/6 20:39:05,Administrator,DWG To PDF.pc3,ISO full bleed A2 (594.00 x 420.00 毫米),1:76.7441,
F:\W 外幕墙\2018年\4-8\L  乐山天立・御景峰\S 乐山施工图\S11 乐山天立幕墙大区 11.5--审图打印\JS JZ JP MT,YP节点.dwg,模型,2009/5/6 20:39:06,Administrator,DWG To PDF.pc3,ISO full bleed A2 (594.00 x 420.00 毫米),1:51.2477,
F:\W 外幕墙\2018年\4-8\L  乐山天立・御景峰\S 乐山施工图\S11 乐山天立幕墙大区 11.5--审图打印\JS JZ JP MT,YP节点.dwg,模型,2009/5/6 20:39:06,Administrator,DWG To PDF.pc3,ISO full bleed A2 (594.00 x 420.00 毫米),1:51.2477,
F:\W 外幕墙\2018年\4-8\L  乐山天立・御景峰\S 乐山施工图\S11 乐山天立幕墙大区 11.5--审图打印\JS JZ JP MT,YP节点.dwg,模型,2009/5/6 20:39:07,Administrator,DWG To PDF.pc3,ISO full bleed A2 (594.00 x 420.00 毫米),1:51.2477,
F:\W 外幕墙\2018年\4-8\L  乐山天立・御景峰\S 乐山施工图\S11 乐山天立幕墙大区 11.5--审图打印\JS JZ JP MT,YP节点.dwg,模型,2009/5/6 20:39:07,Administrator,DWG To PDF.pc3,ISO full bleed A2 (594.00 x 420.00 毫米),1:76.7441,
F:\W 外幕墙\2018年\4-8\L  乐山天立・御景峰\S 乐山施工图\S11 乐山天立幕墙大区 11.5--审图打印\JS JZ JP MT,YP节点.dwg,模型,2009/5/6 20:39:07,Administrator,DWG To PDF.pc3,ISO full bleed A2 (594.00 x 420.00 毫米),1:51.2477,
F:\W 外幕墙\2018年\4-8\L  乐山天立・御景峰\S 乐山施工图\S11 乐山天立幕墙大区 11.5--审图打印\JS JZ JP MT,YP节点.dwg,模型,2009/5/6 20:39:08,Administrator,DWG To PDF.pc3,ISO full bleed A2 (594.00 x 420.00 毫米),1:76.7441,
F:\W 外幕墙\2018年\4-8\L  乐山天立・御景峰\S 乐山施工图\S11 乐山天立幕墙大区 11.5--审图打印\JS JZ JP MT,YP节点.dwg,模型,2009/5/6 20:39:08,Administrator,DWG To PDF.pc3,ISO full bleed A2 (594.00 x 420.00 毫米),1:76.7441,
F:\W 外幕墙\2018年\4-8\L  乐山天立・御景峰\S 乐山施工图\S11 乐山天立幕墙大区 11.5--审图打印\JS JZ JP MT,YP节点.dwg,模型,2009/5/6 20:39:08,Administrator,DWG To PDF.pc3,ISO full bleed A2 (594.00 x 420.00 毫米),1:51.2477,
F:\W 外幕墙\2018年\4-8\L  乐山天立・御景峰\S 乐山施工图\S11 乐山天立幕墙大区 11.5--审图打印\JS JZ JP MT,YP节点.dwg,模型,2009/5/6 20:39:09,Administrator,DWG To PDF.pc3,ISO full bleed A2 (594.00 x 420.00 毫米),1:51.2477,
F:\W 外幕墙\2018年\4-8\L  乐山天立・御景峰\S 乐山施工图\S11 乐山天立幕墙大区 11.5--审图打印\JS JZ JP MT,YP节点.dwg,模型,2009/5/6 20:39:09,Administrator,DWG To PDF.pc3,ISO full bleed A2 (594.00 x 420.00 毫米),1:51.2477,
F:\W 外幕墙\2018年\4-8\L  乐山天立・御景峰\S 乐山施工图\S11 乐山天立幕墙大区 11.5--审图打印\JS JZ JP MT,YP节点.dwg,模型,2009/5/6 20:39:09,Administrator,DWG To PDF.pc3,ISO full bleed A2 (594.00 x 420.00 毫米),1:51.2477,
F:\W 外幕墙\2018年\4-8\L  乐山天立・御景峰\S 乐山施工图\S11 乐山天立幕墙大区 11.5--审图打印\JS JZ JP MT,YP节点.dwg,模型,2009/5/6 20:39:10,Administrator,DWG To PDF.pc3,ISO full bleed A2 (594.00 x 420.00 毫米),1:51.2477,
F:\W 外幕墙\2018年\4-8\L  乐山天立・御景峰\S 乐山施工图\S11 乐山天立幕墙大区 11.5--审图打印\JS JZ JP MT,YP节点.dwg,模型,2009/5/6 20:39:10,Administrator,DWG To PDF.pc3,ISO full bleed A2 (594.00 x 420.00 毫米),1:51.2477,
F:\W 外幕墙\2018年\4-8\L  乐山天立・御景峰\S 乐山施工图\S11 乐山天立幕墙大区 11.5--审图打印\JS JZ JP MT,YP节点.dwg,模型,2009/5/6 20:39:10,Administrator,DWG To PDF.pc3,ISO full bleed A2 (594.00 x 420.00 毫米),1:51.2477,
F:\W 外幕墙\2018年\4-8\L  乐山天立・御景峰\S 乐山施工图\S11 乐山天立幕墙大区 11.5--审图打印\JS JZ JP MT,YP节点.dwg,模型,2009/5/6 20:39:11,Administrator,DWG To PDF.pc3,ISO full bleed A2 (594.00 x 420.00 毫米),1:51.2477,
F:\W 外幕墙\2018年\4-8\L  乐山天立・御景峰\S 乐山施工图\S11 乐山天立幕墙大区 11.5--审图打印\JS JZ JP MT,YP节点.dwg,模型,2009/5/6 20:39:11,Administrator,DWG To PDF.pc3,ISO full bleed A2 (594.00 x 420.00 毫米),1:255.219,
F:\W 外幕墙\2018年\4-8\L  乐山天立・御景峰\S 乐山施工图\S11 乐山天立幕墙大区 11.5--审图打印\乐山天立御景峰平立剖\5#楼.dwg,模型,2009/5/6 20:41:09,Administrator,DWG To PDF.pc3,ISO full bleed A1 (594.00 x 841.00 毫米),1:150.412,
F:\W 外幕墙\2018年\4-8\L  乐山天立・御景峰\S 乐山施工图\S11 乐山天立幕墙大区 11.5--审图打印\乐山天立御景峰平立剖\5#楼.dwg,模型,2009/5/6 20:41:10,Administrator,DWG To PDF.pc3,ISO full bleed A2 (594.00 x 420.00 毫米),1:30.1239,
F:\W 外幕墙\2018年\4-8\L  乐山天立・御景峰\S 乐山施工图\S11 乐山天立幕墙大区 11.5--审图打印\乐山天立御景峰平立剖\5#楼.dwg,模型,2009/5/6 20:41:10,Administrator,DWG To PDF.pc3,ISO full bleed A1 (841.00 x 594.00 毫米),1:150.412,
F:\W 外幕墙\2018年\4-8\L  乐山天立・御景峰\S 乐山施工图\S11 乐山天立幕墙大区 11.5--审图打印\乐山天立御景峰平立剖\5#楼.dwg,模型,2009/5/6 20:41:12,Administrator,DWG To PDF.pc3,ISO full bleed A1 (841.00 x 594.00 毫米),1:150.412,
F:\W 外幕墙\2018年\4-8\L  乐山天立・御景峰\S 乐山施工图\S11 乐山天立幕墙大区 11.5--审图打印\乐山天立御景峰平立剖\5#楼.dwg,模型,2009/5/6 20:41:13,Administrator,DWG To PDF.pc3,A11 (1051.00 x 594.00 MM),1:100.28,
F:\W 外幕墙\2018年\4-8\L  乐山天立・御景峰\S 乐山施工图\S11 乐山天立幕墙大区 11.5--审图打印\乐山天立御景峰平立剖\5#楼.dwg,模型,2009/5/6 20:41:13,Administrator,DWG To PDF.pc3,A11 (1051.00 x 594.00 MM),1:100.28,
F:\W 外幕墙\2018年\4-8\L  乐山天立・御景峰\S 乐山施工图\S11 乐山天立幕墙大区 11.5--审图打印\乐山天立御景峰平立剖\5#楼.dwg,模型,2009/5/6 20:41:14,Administrator,DWG To PDF.pc3,A11 (1051.00 x 594.00 MM),1:100.28,
F:\W 外幕墙\2018年\4-8\L  乐山天立・御景峰\S 乐山施工图\S11 乐山天立幕墙大区 11.5--审图打印\乐山天立御景峰平立剖\5#楼.dwg,模型,2009/5/6 20:41:15,Administrator,DWG To PDF.pc3,A11 (1051.00 x 594.00 MM),1:100.28,
F:\W 外幕墙\2018年\4-8\L  乐山天立・御景峰\S 乐山施工图\S11 乐山天立幕墙大区 11.5--审图打印\乐山天立御景峰平立剖\5#楼.dwg,模型,2009/5/6 20:41:15,Administrator,DWG To PDF.pc3,A11 (1051.00 x 594.00 MM),1:100.28,
F:\W 外幕墙\2018年\4-8\L  乐山天立・御景峰\S 乐山施工图\S11 乐山天立幕墙大区 11.5--审图打印\乐山天立御景峰平立剖\5#楼.dwg,模型,2009/5/6 20:41:16,Administrator,DWG To PDF.pc3,A11 (1051.00 x 594.00 MM),1:100.28,
F:\W 外幕墙\2018年\4-8\L  乐山天立・御景峰\S 乐山施工图\S11 乐山天立幕墙大区 11.5--审图打印\乐山天立御景峰平立剖\5#楼.dwg,模型,2009/5/6 20:41:16,Administrator,DWG To PDF.pc3,A11 (1051.00 x 594.00 MM),1:100.28,
F:\W 外幕墙\2018年\4-8\L  乐山天立・御景峰\S 乐山施工图\S11 乐山天立幕墙大区 11.5--审图打印\乐山天立御景峰平立剖\14,16#楼.dwg,模型,2009/5/6 20:46:42,Administrator,DWG To PDF.pc3,A01 (1486.00 x 841.00 MM),1:100.201,
F:\W 外幕墙\2018年\4-8\L  乐山天立・御景峰\S 乐山施工图\S11 乐山天立幕墙大区 11.5--审图打印\乐山天立御景峰平立剖\14,16#楼.dwg,模型,2009/5/6 20:46:43,Administrator,DWG To PDF.pc3,A01 (1486.00 x 841.00 MM),1:100.201,
F:\W 外幕墙\2018年\4-8\L  乐山天立・御景峰\S 乐山施工图\S11 乐山天立幕墙大区 11.5--审图打印\乐山天立御景峰平立剖\14,16#楼.dwg,模型,2009/5/6 20:46:45,Administrator,DWG To PDF.pc3,A01 (1486.00 x 841.00 MM),1:100.201,
F:\W 外幕墙\2018年\4-8\L  乐山天立・御景峰\S 乐山施工图\S11 乐山天立幕墙大区 11.5--审图打印\乐山天立御景峰平立剖\14,16#楼.dwg,模型,2009/5/6 20:46:47,Administrator,DWG To PDF.pc3,A01 (1486.00 x 841.00 MM),1:100.201,
F:\W 外幕墙\2018年\4-8\L  乐山天立・御景峰\S 乐山施工图\S11 乐山天立幕墙大区 11.5--审图打印\乐山天立御景峰平立剖\14,16#楼.dwg,模型,2009/5/6 20:46:48,Administrator,DWG To PDF.pc3,ISO full bleed A2 (594.00 x 420.00 毫米),1:30.1239,
F:\W 外幕墙\2018年\4-8\L  乐山天立・御景峰\S 乐山施工图\S11 乐山天立幕墙大区 11.5--审图打印\乐山天立御景峰平立剖\14,16#楼.dwg,模型,2009/5/6 20:46:48,Administrator,DWG To PDF.pc3,A22 (891.00 x 420.00 MM),1:100.392,
F:\W 外幕墙\2018年\4-8\L  乐山天立・御景峰\S 乐山施工图\S11 乐山天立幕墙大区 11.5--审图打印\乐山天立御景峰平立剖\14,16#楼.dwg,模型,2009/5/6 20:46:49,Administrator,DWG To PDF.pc3,A22 (891.00 x 420.00 MM),1:100.392,
F:\W 外幕墙\2018年\4-8\L  乐山天立・御景峰\S 乐山施工图\S11 乐山天立幕墙大区 11.5--审图打印\乐山天立御景峰平立剖\14,16#楼.dwg,模型,2009/5/6 20:46:49,Administrator,DWG To PDF.pc3,A22 (891.00 x 420.00 MM),1:100.392,
F:\W 外幕墙\2018年\4-8\L  乐山天立・御景峰\S 乐山施工图\S11 乐山天立幕墙大区 11.5--审图打印\乐山天立御景峰平立剖\14,16#楼.dwg,模型,2009/5/6 20:46:50,Administrator,DWG To PDF.pc3,A22 (891.00 x 420.00 MM),1:100.392,
F:\W 外幕墙\2018年\4-8\L  乐山天立・御景峰\S 乐山施工图\S11 乐山天立幕墙大区 11.5--审图打印\乐山天立御景峰平立剖\14,16#楼.dwg,模型,2009/5/6 20:46:50,Administrator,DWG To PDF.pc3,A22 (891.00 x 420.00 MM),1:100.392,
F:\W 外幕墙\2018年\4-8\L  乐山天立・御景峰\S 乐山施工图\S11 乐山天立幕墙大区 11.5--审图打印\乐山天立御景峰平立剖\14,16#楼.dwg,模型,2009/5/6 20:46:51,Administrator,DWG To PDF.pc3,A22 (891.00 x 420.00 MM),1:100.392,
F:\W 外幕墙\2018年\4-8\L  乐山天立・御景峰\S 乐山施工图\S11 乐山天立幕墙大区 11.5--审图打印\乐山天立御景峰平立剖\14,16#楼.dwg,模型,2009/5/6 20:46:52,Administrator,DWG To PDF.pc3,A22 (891.00 x 420.00 MM),1:100.392,
F:\W 外幕墙\2018年\4-8\L  乐山天立・御景峰\S 乐山施工图\S11 乐山天立幕墙大区 11.5--审图打印\乐山天立御景峰平立剖\14,16#楼.dwg,模型,2009/5/6 20:46:52,Administrator,DWG To PDF.pc3,A22 (891.00 x 420.00 MM),1:100.392,
F:\W 外幕墙\2019年\1-3月\X 新城嘉苑\S新城嘉苑施工图\S兴城嘉苑施工图打印5.7-- 审图\S1兴城嘉苑3# 4#号楼施工图（改1）19.4.28\节点大样图.dwg,模型,2009/5/7 18:18:07,Administrator,DWG To PDF.pc3,ISO full bleed A2 (594.00 x 420.00 毫米),1:255.219,
F:\W 外幕墙\2019年\1-3月\X 新城嘉苑\S新城嘉苑施工图\S兴城嘉苑施工图打印5.7-- 审图\S1兴城嘉苑3# 4#号楼施工图（改1）19.4.28\节点大样图.dwg,模型,2009/5/7 18:18:08,Administrator,DWG To PDF.pc3,ISO full bleed A2 (594.00 x 420.00 毫米),1:255.219,
F:\W 外幕墙\2019年\1-3月\X 新城嘉苑\S新城嘉苑施工图\S兴城嘉苑施工图打印5.7-- 审图\S1兴城嘉苑3# 4#号楼施工图（改1）19.4.28\节点大样图.dwg,模型,2009/5/7 18:18:08,Administrator,DWG To PDF.pc3,ISO full bleed A2 (594.00 x 420.00 毫米),1:510.182,
F:\W 外幕墙\2019年\1-3月\X 新城嘉苑\S新城嘉苑施工图\S兴城嘉苑施工图打印5.7-- 审图\S1兴城嘉苑3# 4#号楼施工图（改1）19.4.28\节点大样图.dwg,模型,2009/5/7 18:18:09,Administrator,DWG To PDF.pc3,ISO full bleed A2 (594.00 x 420.00 毫米),1:510.182,
F:\W 外幕墙\2019年\1-3月\X 新城嘉苑\S新城嘉苑施工图\S兴城嘉苑施工图打印5.7-- 审图\S1兴城嘉苑3# 4#号楼施工图（改1）19.4.28\节点大样图.dwg,模型,2009/5/7 18:18:09,Administrator,DWG To PDF.pc3,ISO full bleed A2 (594.00 x 420.00 毫米),1:204.226,
F:\W 外幕墙\2019年\1-3月\X 新城嘉苑\S新城嘉苑施工图\S兴城嘉苑施工图打印5.7-- 审图\S1兴城嘉苑3# 4#号楼施工图（改1）19.4.28\节点大样图.dwg,模型,2009/5/7 18:18:09,Administrator,DWG To PDF.pc3,ISO full bleed A2 (594.00 x 420.00 毫米),1:127.737,
F:\W 外幕墙\2019年\1-3月\X 新城嘉苑\S新城嘉苑施工图\S兴城嘉苑施工图打印5.7-- 审图\S1兴城嘉苑3# 4#号楼施工图（改1）19.4.28\节点大样图.dwg,模型,2009/5/7 18:18:09,Administrator,DWG To PDF.pc3,ISO full bleed A2 (594.00 x 420.00 毫米),1:127.737,
F:\W 外幕墙\2019年\1-3月\X 新城嘉苑\S新城嘉苑施工图\S兴城嘉苑施工图打印5.7-- 审图\S1兴城嘉苑3# 4#号楼施工图（改1）19.4.28\节点大样图.dwg,模型,2009/5/7 18:18:10,Administrator,DWG To PDF.pc3,ISO full bleed A2 (594.00 x 420.00 毫米),1:76.7441,
F:\W 外幕墙\2019年\1-3月\X 新城嘉苑\S新城嘉苑施工图\S兴城嘉苑施工图打印5.7-- 审图\S1兴城嘉苑3# 4#号楼施工图（改1）19.4.28\节点大样图.dwg,模型,2009/5/7 18:18:10,Administrator,DWG To PDF.pc3,ISO full bleed A2 (594.00 x 420.00 毫米),1:51.2477,
F:\W 外幕墙\2019年\1-3月\X 新城嘉苑\S新城嘉苑施工图\S兴城嘉苑施工图打印5.7-- 审图\S1兴城嘉苑3# 4#号楼施工图（改1）19.4.28\节点大样图.dwg,模型,2009/5/7 18:18:10,Administrator,DWG To PDF.pc3,ISO full bleed A2 (594.00 x 420.00 毫米),1:382.701,
F:\W 外幕墙\2019年\1-3月\X 新城嘉苑\S新城嘉苑施工图\S兴城嘉苑施工图打印5.7-- 审图\S1兴城嘉苑3# 4#号楼施工图（改1）19.4.28\节点大样图.dwg,模型,2009/5/7 18:18:11,Administrator,DWG To PDF.pc3,ISO full bleed A2 (594.00 x 420.00 毫米),1:255.219,
F:\W 外幕墙\2019年\1-3月\X 新城嘉苑\S新城嘉苑施工图\S兴城嘉苑施工图打印5.7-- 审图\S1兴城嘉苑3# 4#号楼施工图（改1）19.4.28\节点大样图.dwg,模型,2009/5/7 18:18:11,Administrator,DWG To PDF.pc3,ISO full bleed A2 (594.00 x 420.00 毫米),1:255.219,
F:\W 外幕墙\2019年\1-3月\X 新城嘉苑\S新城嘉苑施工图\S兴城嘉苑施工图打印5.7-- 审图\S1兴城嘉苑3# 4#号楼施工图（改1）19.4.28\节点大样图.dwg,模型,2009/5/7 18:18:11,Administrator,DWG To PDF.pc3,ISO full bleed A2 (594.00 x 420.00 毫米),1:255.219,
F:\W 外幕墙\2019年\1-3月\X 新城嘉苑\S新城嘉苑施工图\S兴城嘉苑施工图打印5.7-- 审图\S1兴城嘉苑3# 4#号楼施工图（改1）19.4.28\节点大样图.dwg,模型,2009/5/7 18:18:12,Administrator,DWG To PDF.pc3,ISO full bleed A2 (594.00 x 420.00 毫米),1:255.219,
F:\W 外幕墙\2019年\1-3月\X 新城嘉苑\S新城嘉苑施工图\S兴城嘉苑施工图打印5.7-- 审图\S1兴城嘉苑3# 4#号楼施工图（改1）19.4.28\节点大样图.dwg,模型,2009/5/7 18:18:12,Administrator,DWG To PDF.pc3,ISO full bleed A2 (594.00 x 420.00 毫米),1:255.219,
F:\W 外幕墙\2019年\1-3月\X 新城嘉苑\S新城嘉苑施工图\S兴城嘉苑施工图打印5.7-- 审图\S1兴城嘉苑3# 4#号楼施工图（改1）19.4.28\节点大样图.dwg,模型,2009/5/7 18:18:13,Administrator,DWG To PDF.pc3,ISO full bleed A2 (594.00 x 420.00 毫米),1:255.219,
F:\W 外幕墙\2019年\1-3月\X 新城嘉苑\S新城嘉苑施工图\S兴城嘉苑施工图打印5.7-- 审图\S1兴城嘉苑3# 4#号楼施工图（改1）19.4.28\节点大样图.dwg,模型,2009/5/7 18:18:13,Administrator,DWG To PDF.pc3,ISO full bleed A2 (594.00 x 420.00 毫米),1:255.219,
F:\W 外幕墙\2019年\1-3月\X 新城嘉苑\S新城嘉苑施工图\S兴城嘉苑施工图打印5.7-- 审图\S1兴城嘉苑3# 4#号楼施工图（改1）19.4.28\节点大样图.dwg,模型,2009/5/7 18:18:13,Administrator,DWG To PDF.pc3,ISO full bleed A2 (594.00 x 420.00 毫米),1:255.219,
F:\W 外幕墙\2019年\1-3月\X 新城嘉苑\S新城嘉苑施工图\S兴城嘉苑施工图打印5.7-- 审图\S1兴城嘉苑3# 4#号楼施工图（改1）19.4.28\节点大样图.dwg,模型,2009/5/7 18:18:14,Administrator,DWG To PDF.pc3,ISO full bleed A2 (594.00 x 420.00 毫米),1:255.219,
F:\W 外幕墙\2019年\1-3月\X 新城嘉苑\S新城嘉苑施工图\S兴城嘉苑施工图打印5.7-- 审图\S1兴城嘉苑3# 4#号楼施工图（改1）19.4.28\节点大样图.dwg,模型,2009/5/7 18:18:14,Administrator,DWG To PDF.pc3,ISO full bleed A2 (594.00 x 420.00 毫米),1:255.219,
F:\W 外幕墙\2019年\1-3月\X 新城嘉苑\S新城嘉苑施工图\S兴城嘉苑施工图打印5.7-- 审图\S1兴城嘉苑3# 4#号楼施工图（改1）19.4.28\节点大样图.dwg,模型,2009/5/7 18:18:15,Administrator,DWG To PDF.pc3,ISO full bleed A2 (594.00 x 420.00 毫米),1:255.219,
F:\W 外幕墙\2019年\1-3月\J 金域香江\S 金域香江施工图\金域香江幕墙图纸zd-3.16\1#_t6.dwg,模型,2009/5/8 15:51:36,Administrator,DWG To PDF.pc3,ISO full bleed A2 (594.00 x 420.00 毫米),1:1581.79,
F:\W 外幕墙\2019年\1-3月\J 金域香江\S 金域香江施工图\金域香江幕墙图纸zd-3.16\1#_t6.dwg,模型,2009/5/8 15:51:36,Administrator,DWG To PDF.pc3,ISO full bleed A2 (594.00 x 420.00 毫米),1:1581.79,
F:\W 外幕墙\2018年\4-8\L  乐山天立・御景峰\S 乐山施工图\S11 乐山天立幕墙大区 11.5--审图打印\JS JZ JP MT,YP节点.dwg,模型,2009/5/8 15:56:01,Administrator,DWG To PDF.pc3,ISO full bleed A2 (594.00 x 420.00 毫米),1:306.211,
F:\W 外幕墙\2018年\4-8\L  乐山天立・御景峰\S 乐山施工图\S11 乐山天立幕墙大区 11.5--审图打印\JS JZ JP MT,YP节点.dwg,模型,2009/5/8 15:56:01,Administrator,DWG To PDF.pc3,ISO full bleed A2 (594.00 x 420.00 毫米),1:76.7441,
F:\W 外幕墙\2018年\4-8\L  乐山天立・御景峰\S 乐山施工图\S11 乐山天立幕墙大区 11.5--审图打印\JS JZ JP MT,YP节点.dwg,模型,2009/5/8 15:56:02,Administrator,DWG To PDF.pc3,ISO full bleed A2 (594.00 x 420.00 毫米),1:51.2477,
F:\W 外幕墙\2018年\4-8\L  乐山天立・御景峰\S 乐山施工图\S11 乐山天立幕墙大区 11.5--审图打印\JS JZ JP MT,YP节点.dwg,模型,2009/5/8 15:56:02,Administrator,DWG To PDF.pc3,ISO full bleed A2 (594.00 x 420.00 毫米),1:51.2477,
F:\W 外幕墙\2018年\4-8\L  乐山天立・御景峰\S 乐山施工图\S11 乐山天立幕墙大区 11.5--审图打印\JS JZ JP MT,YP节点.dwg,模型,2009/5/8 15:56:03,Administrator,DWG To PDF.pc3,ISO full bleed A2 (594.00 x 420.00 毫米),1:51.2477,
F:\W 外幕墙\2018年\4-8\L  乐山天立・御景峰\S 乐山施工图\S11 乐山天立幕墙大区 11.5--审图打印\JS JZ JP MT,YP节点.dwg,模型,2009/5/8 15:56:03,Administrator,DWG To PDF.pc3,ISO full bleed A2 (594.00 x 420.00 毫米),1:76.7441,
F:\W 外幕墙\2018年\4-8\L  乐山天立・御景峰\S 乐山施工图\S11 乐山天立幕墙大区 11.5--审图打印\JS JZ JP MT,YP节点.dwg,模型,2009/5/8 15:56:03,Administrator,DWG To PDF.pc3,ISO full bleed A2 (594.00 x 420.00 毫米),1:51.2477,
F:\W 外幕墙\2018年\4-8\L  乐山天立・御景峰\S 乐山施工图\S11 乐山天立幕墙大区 11.5--审图打印\JS JZ JP MT,YP节点.dwg,模型,2009/5/8 15:56:04,Administrator,DWG To PDF.pc3,ISO full bleed A2 (594.00 x 420.00 毫米),1:76.7441,
F:\W 外幕墙\2018年\4-8\L  乐山天立・御景峰\S 乐山施工图\S11 乐山天立幕墙大区 11.5--审图打印\JS JZ JP MT,YP节点.dwg,模型,2009/5/8 15:56:04,Administrator,DWG To PDF.pc3,ISO full bleed A2 (594.00 x 420.00 毫米),1:76.7441,
F:\W 外幕墙\2018年\4-8\L  乐山天立・御景峰\S 乐山施工图\S11 乐山天立幕墙大区 11.5--审图打印\JS JZ JP MT,YP节点.dwg,模型,2009/5/8 15:56:04,Administrator,DWG To PDF.pc3,ISO full bleed A2 (594.00 x 420.00 毫米),1:51.2477,
F:\W 外幕墙\2018年\4-8\L  乐山天立・御景峰\S 乐山施工图\S11 乐山天立幕墙大区 11.5--审图打印\JS JZ JP MT,YP节点.dwg,模型,2009/5/8 15:56:05,Administrator,DWG To PDF.pc3,ISO full bleed A2 (594.00 x 420.00 毫米),1:51.2477,
F:\W 外幕墙\2018年\4-8\L  乐山天立・御景峰\S 乐山施工图\S11 乐山天立幕墙大区 11.5--审图打印\JS JZ JP MT,YP节点.dwg,模型,2009/5/8 15:56:05,Administrator,DWG To PDF.pc3,ISO full bleed A2 (594.00 x 420.00 毫米),1:51.2477,
F:\W 外幕墙\2018年\4-8\L  乐山天立・御景峰\S 乐山施工图\S11 乐山天立幕墙大区 11.5--审图打印\JS JZ JP MT,YP节点.dwg,模型,2009/5/8 15:56:05,Administrator,DWG To PDF.pc3,ISO full bleed A2 (594.00 x 420.00 毫米),1:51.2477,
F:\W 外幕墙\2018年\4-8\L  乐山天立・御景峰\S 乐山施工图\S11 乐山天立幕墙大区 11.5--审图打印\JS JZ JP MT,YP节点.dwg,模型,2009/5/8 15:56:06,Administrator,DWG To PDF.pc3,ISO full bleed A2 (594.00 x 420.00 毫米),1:51.2477,
F:\W 外幕墙\2018年\4-8\L  乐山天立・御景峰\S 乐山施工图\S11 乐山天立幕墙大区 11.5--审图打印\JS JZ JP MT,YP节点.dwg,模型,2009/5/8 15:56:06,Administrator,DWG To PDF.pc3,ISO full bleed A2 (594.00 x 420.00 毫米),1:51.2477,
F:\W 外幕墙\2018年\4-8\L  乐山天立・御景峰\S 乐山施工图\S11 乐山天立幕墙大区 11.5--审图打印\JS JZ JP MT,YP节点.dwg,模型,2009/5/8 15:56:06,Administrator,DWG To PDF.pc3,ISO full bleed A2 (594.00 x 420.00 毫米),1:51.2477,
F:\W 外幕墙\2018年\4-8\L  乐山天立・御景峰\S 乐山施工图\S11 乐山天立幕墙大区 11.5--审图打印\JS JZ JP MT,YP节点.dwg,模型,2009/5/8 15:56:07,Administrator,DWG To PDF.pc3,ISO full bleed A2 (594.00 x 420.00 毫米),1:51.2477,
F:\W 外幕墙\2018年\4-8\L  乐山天立・御景峰\S 乐山施工图\S11 乐山天立幕墙大区 11.5--审图打印\JS JZ JP MT,YP节点.dwg,模型,2009/5/8 15:57:02,Administrator,DWG To PDF.pc3,ISO full bleed A2 (420.00 x 594.00 毫米),1:510.182,
F:\W 外幕墙\2018年\4-8\L  乐山天立・御景峰\S 乐山施工图\S11 乐山天立幕墙大区 11.5--审图打印\JS JZ JP MT,YP节点.dwg,模型,2009/5/8 15:58:24,Administrator,DWG To PDF.pc3,ISO full bleed A2 (594.00 x 420.00 毫米),1:255.219,
F:\W 外幕墙\2018年\4-8\L  乐山天立・御景峰\S 乐山施工图\S11 乐山天立幕墙大区 11.5--审图打印\JS JZ JP MT,YP节点.dwg,模型,2009/5/8 15:58:25,Administrator,DWG To PDF.pc3,ISO full bleed A2 (594.00 x 420.00 毫米),1:255.219,
F:\W 外幕墙\2018年\4-8\L  乐山天立・御景峰\S 乐山施工图\S11 乐山天立幕墙大区 11.5--审图打印\JS JZ JP MT,YP节点.dwg,模型,2009/5/8 15:58:25,Administrator,DWG To PDF.pc3,ISO full bleed A2 (594.00 x 420.00 毫米),1:255.219,
F:\W 外幕墙\2018年\4-8\L  乐山天立・御景峰\S 乐山施工图\S11 乐山天立幕墙大区 11.5--审图打印\JS JZ JP MT,YP节点.dwg,模型,2009/5/8 15:58:26,Administrator,DWG To PDF.pc3,ISO full bleed A2 (594.00 x 420.00 毫米),1:255.219,
F:\W 外幕墙\2018年\4-8\L  乐山天立・御景峰\S 乐山施工图\S11 乐山天立幕墙大区 11.5--审图打印\JS JZ JP MT,YP节点.dwg,模型,2009/5/8 15:58:26,Administrator,DWG To PDF.pc3,ISO full bleed A2 (594.00 x 420.00 毫米),1:255.219,
C:\Users\Administrator\Desktop\S 天悦城幕墙施工图-改19.5.8.lz\41#、43#、商业节点大样图5.8_t6.dwg,模型,2009/5/9 18:51:13,Administrator,DWG To PDF.pc3,ISO full bleed A2 (594.00 x 420.00 毫米),1:153.233,
C:\Users\Administrator\Desktop\S 天悦城幕墙施工图-改19.5.8.lz\41#、43#、商业节点大样图5.8_t6.dwg,模型,2009/5/9 18:51:13,Administrator,DWG To PDF.pc3,ISO full bleed A2 (594.00 x 420.00 毫米),1:127.737,
C:\Users\Administrator\Desktop\S 天悦城幕墙施工图-改19.5.8.lz\41#、43#、商业节点大样图5.8_t6.dwg,模型,2009/5/9 18:51:14,Administrator,DWG To PDF.pc3,ISO full bleed A2 (594.00 x 420.00 毫米),1:127.737,
C:\Users\Administrator\Desktop\S 天悦城幕墙施工图-改19.5.8.lz\41#、43#、商业节点大样图5.8_t6.dwg,模型,2009/5/9 18:51:14,Administrator,DWG To PDF.pc3,ISO full bleed A2 (594.00 x 420.00 毫米),1:76.7441,
C:\Users\Administrator\Desktop\S 天悦城幕墙施工图-改19.5.8.lz\41#、43#、商业节点大样图5.8_t6.dwg,模型,2009/5/9 18:51:15,Administrator,DWG To PDF.pc3,ISO full bleed A2 (594.00 x 420.00 毫米),1:51.2477,
C:\Users\Administrator\Desktop\S 天悦城幕墙施工图-改19.5.8.lz\41#、43#、商业节点大样图5.8_t6.dwg,模型,2009/5/9 18:52:40,Administrator,DWG To PDF.pc3,ISO full bleed A2 (594.00 x 420.00 毫米),1:255.219,
C:\Users\Administrator\Desktop\S 天悦城幕墙施工图-改19.5.8.lz\41#、43#、商业节点大样图5.8_t6.dwg,模型,2009/5/9 18:52:41,Administrator,DWG To PDF.pc3,ISO full bleed A2 (594.00 x 420.00 毫米),1:255.219,
C:\Users\Administrator\Desktop\S 天悦城幕墙施工图-改19.5.8.lz\41#、43#、商业节点大样图5.8_t6.dwg,模型,2009/5/9 18:52:41,Administrator,DWG To PDF.pc3,ISO full bleed A2 (594.00 x 420.00 毫米),1:255.219,
C:\Users\Administrator\Desktop\S 天悦城幕墙施工图-改19.5.8.lz\41#、43#、商业节点大样图5.8_t6.dwg,模型,2009/5/9 18:52:42,Administrator,DWG To PDF.pc3,ISO full bleed A2 (594.00 x 420.00 毫米),1:255.219,
C:\Users\Administrator\Desktop\S 天悦城幕墙施工图-改19.5.8.lz\41#、43#、商业节点大样图5.8_t6.dwg,模型,2009/5/9 18:52:43,Administrator,DWG To PDF.pc3,ISO full bleed A2 (594.00 x 420.00 毫米),1:382.701,
C:\Users\Administrator\Desktop\S 天悦城幕墙施工图-改19.5.8.lz\41#、43#、商业节点大样图5.8_t6.dwg,模型,2009/5/9 18:52:43,Administrator,DWG To PDF.pc3,ISO full bleed A2 (594.00 x 420.00 毫米),1:382.701,
C:\Users\Administrator\Desktop\S 天悦城幕墙施工图-改19.5.8.lz\41#、43#、商业节点大样图5.8_t6.dwg,模型,2009/5/9 18:52:44,Administrator,DWG To PDF.pc3,ISO full bleed A2 (594.00 x 420.00 毫米),1:255.219,
C:\Users\Administrator\Desktop\S 天悦城幕墙施工图-改19.5.8.lz\41#、43#、商业节点大样图5.8_t6.dwg,模型,2009/5/9 18:52:44,Administrator,DWG To PDF.pc3,ISO full bleed A2 (594.00 x 420.00 毫米),1:255.219,
C:\Users\Administrator\Desktop\S 天悦城幕墙施工图-改19.5.8.lz\41#楼、43#楼_t6.dwg,模型,2009/5/9 18:53:41,Administrator,DWG To PDF.pc3,ISO full bleed A2 (594.00 x 420.00 毫米),1:637.664,
C:\Users\Administrator\Desktop\S 天悦城幕墙施工图-改19.5.8.lz\41#楼、43#楼_t6.dwg,模型,2009/5/9 18:53:41,Administrator,DWG To PDF.pc3,A14 (1682.00 x 594.00 MM),1:2547.11,
C:\Users\Administrator\Desktop\S 天悦城幕墙施工图-改19.5.8.lz\41#楼、43#楼_t6.dwg,模型,2009/5/9 18:53:42,Administrator,DWG To PDF.pc3,A14 (1682.00 x 594.00 MM),1:2547.11,
C:\Users\Administrator\Desktop\S 天悦城幕墙施工图-改19.5.8.lz\41#楼、43#楼_t6.dwg,模型,2009/5/9 18:53:43,Administrator,DWG To PDF.pc3,A14 (1682.00 x 594.00 MM),1:2547.11,
C:\Users\Administrator\Desktop\S 天悦城幕墙施工图-改19.5.8.lz\41#楼、43#楼_t6.dwg,模型,2009/5/9 18:53:44,Administrator,DWG To PDF.pc3,A13 (1472.00 x 594.00 MM),1:2547.11,
C:\Users\Administrator\Desktop\S 天悦城幕墙施工图-改19.5.8.lz\多栋楼雨蓬大样图_t6.dwg,模型,2009/5/9 18:55:01,Administrator,DWG To PDF.pc3,ISO full bleed A2 (594.00 x 420.00 毫米),1:255.219,
C:\Users\Administrator\Desktop\S 天悦城幕墙施工图-改19.5.8.lz\多栋楼雨蓬大样图_t6.dwg,模型,2009/5/9 18:55:02,Administrator,DWG To PDF.pc3,ISO full bleed A2 (594.00 x 420.00 毫米),1:765.146,
C:\Users\Administrator\Desktop\S 天悦城幕墙施工图-改19.5.8.lz\多栋楼雨蓬大样图_t6.dwg,模型,2009/5/9 18:55:02,Administrator,DWG To PDF.pc3,ISO full bleed A2 (594.00 x 420.00 毫米),1:765.146,
C:\Users\Administrator\Desktop\S 天悦城幕墙施工图-改19.5.8.lz\多栋楼雨蓬大样图_t6.dwg,模型,2009/5/9 18:55:03,Administrator,DWG To PDF.pc3,ISO full bleed A2 (594.00 x 420.00 毫米),1:510.182,
C:\Users\Administrator\Desktop\S 天悦城幕墙施工图-改19.5.8.lz\多栋楼雨蓬大样图_t6.dwg,模型,2009/5/9 18:55:03,Administrator,DWG To PDF.pc3,ISO full bleed A2 (594.00 x 420.00 毫米),1:510.182,
C:\Users\Administrator\Desktop\S 天悦城幕墙施工图-改19.5.8.lz\多栋楼雨蓬大样图_t6.dwg,模型,2009/5/9 18:55:04,Administrator,DWG To PDF.pc3,ISO full bleed A2 (594.00 x 420.00 毫米),1:510.182,
C:\Users\Administrator\Desktop\S 天悦城幕墙施工图-改19.5.8.lz\多栋楼雨蓬大样图_t6.dwg,模型,2009/5/9 18:55:04,Administrator,DWG To PDF.pc3,ISO full bleed A2 (594.00 x 420.00 毫米),1:510.182,
C:\Users\Administrator\Desktop\S 天悦城幕墙施工图-改19.5.8.lz\多栋楼雨蓬大样图_t6.dwg,模型,2009/5/9 18:55:05,Administrator,DWG To PDF.pc3,ISO full bleed A2 (594.00 x 420.00 毫米),1:510.182,
C:\Users\Administrator\Desktop\S 天悦城幕墙施工图-改19.5.8.lz\多栋楼雨蓬大样图_t6.dwg,模型,2009/5/9 18:55:05,Administrator,DWG To PDF.pc3,ISO full bleed A2 (594.00 x 420.00 毫米),1:510.182,
C:\Users\Administrator\Desktop\S 天悦城幕墙施工图-改19.5.8.lz\多栋楼雨蓬大样图_t6.dwg,模型,2009/5/9 18:55:06,Administrator,DWG To PDF.pc3,ISO full bleed A2 (594.00 x 420.00 毫米),1:510.182,
C:\Users\Administrator\Desktop\S 天悦城幕墙施工图-改19.5.8.lz\多栋楼雨蓬大样图_t6.dwg,模型,2009/5/9 18:55:06,Administrator,DWG To PDF.pc3,ISO full bleed A2 (594.00 x 420.00 毫米),1:510.182,
C:\Users\Administrator\Desktop\S 天悦城幕墙施工图-改19.5.8.lz\多栋楼雨蓬大样图_t6.dwg,模型,2009/5/9 18:55:07,Administrator,DWG To PDF.pc3,ISO full bleed A2 (594.00 x 420.00 毫米),1:510.182,
C:\Users\Administrator\Desktop\S 天悦城幕墙施工图-改19.5.8.lz\多栋楼雨蓬大样图_t6.dwg,模型,2009/5/9 18:55:07,Administrator,DWG To PDF.pc3,ISO full bleed A2 (594.00 x 420.00 毫米),1:510.182,
C:\Users\Administrator\Desktop\S 天悦城幕墙施工图-改19.5.8.lz\多栋楼雨蓬大样图_t6.dwg,模型,2009/5/9 18:55:08,Administrator,DWG To PDF.pc3,ISO full bleed A2 (594.00 x 420.00 毫米),1:510.182,
C:\Users\Administrator\Desktop\S 天悦城幕墙施工图-改19.5.8.lz\多栋楼雨蓬范围平面图_t6.dwg,模型,2009/5/9 18:57:49,Administrator,DWG To PDF.pc3,A12 (1262.00 x 594.00 MM),1:50.1451,
C:\Users\Administrator\Desktop\S 天悦城幕墙施工图-改19.5.8.lz\多栋楼雨蓬范围平面图_t6.dwg,模型,2009/5/9 18:57:51,Administrator,DWG To PDF.pc3,A12 (1262.00 x 594.00 MM),1:50.1451,
C:\Users\Administrator\Desktop\S 天悦城幕墙施工图-改19.5.8.lz\多栋楼雨蓬范围平面图_t6.dwg,模型,2009/5/9 18:57:52,Administrator,DWG To PDF.pc3,A14 (1682.00 x 594.00 MM),1:60.1721,
C:\Users\Administrator\Desktop\S 天悦城幕墙施工图-改19.5.8.lz\多栋楼雨蓬范围平面图_t6.dwg,模型,2009/5/9 18:57:54,Administrator,DWG To PDF.pc3,A14 (1682.00 x 594.00 MM),1:60.1721,
C:\Users\Administrator\Desktop\S 天悦城幕墙施工图-改19.5.8.lz\多栋楼雨蓬范围平面图_t6.dwg,模型,2009/5/9 18:57:56,Administrator,DWG To PDF.pc3,A14 (1682.00 x 594.00 MM),1:60.1721,
C:\Users\Administrator\Desktop\S 天悦城幕墙施工图-改19.5.8.lz\多栋楼雨蓬范围平面图_t6.dwg,模型,2009/5/9 18:57:58,Administrator,DWG To PDF.pc3,A12 (1262.00 x 594.00 MM),1:50.1451,
C:\Users\Administrator\Desktop\S 天悦城幕墙施工图-改19.5.8.lz\多栋楼雨蓬范围平面图_t6.dwg,模型,2009/5/9 18:57:59,Administrator,DWG To PDF.pc3,A13 (1472.00 x 594.00 MM),1:50.1451,
C:\Users\Administrator\Desktop\S 天悦城幕墙施工图-改19.5.8.lz\多栋楼雨蓬范围平面图_t6.dwg,模型,2009/5/9 18:58:00,Administrator,DWG To PDF.pc3,A11 (1051.00 x 594.00 MM),1:50.1451,
C:\Users\Administrator\Desktop\S 天悦城幕墙施工图-改19.5.8.lz\多栋楼雨蓬范围平面图_t6.dwg,模型,2009/5/9 18:58:01,Administrator,DWG To PDF.pc3,A14 (1682.00 x 594.00 MM),1:60.1721,
C:\Users\Administrator\Desktop\S 天悦城幕墙施工图-改19.5.8.lz\多栋楼雨蓬范围平面图_t6.dwg,模型,2009/5/9 18:58:03,Administrator,DWG To PDF.pc3,A12 (1262.00 x 594.00 MM),1:50.1451,
C:\Users\Administrator\Desktop\S 天悦城幕墙施工图-改19.5.8.lz\多栋楼雨蓬范围平面图_t6.dwg,模型,2009/5/9 18:58:04,Administrator,DWG To PDF.pc3,A12 (1262.00 x 594.00 MM),1:50.1451,
C:\Users\Administrator\Desktop\S 天悦城幕墙施工图-改19.5.8.lz\多栋楼雨蓬范围平面图_t6.dwg,模型,2009/5/9 18:58:05,Administrator,DWG To PDF.pc3,A14 (1682.00 x 594.00 MM),1:60.1721,
C:\Users\Administrator\Desktop\S 天悦城幕墙施工图-改19.5.8.lz\多栋楼雨蓬范围平面图_t6.dwg,模型,2009/5/9 18:58:07,Administrator,DWG To PDF.pc3,A11 (1051.00 x 594.00 MM),1:50.1451,
C:\Users\Administrator\Desktop\S 天悦城幕墙施工图-改19.5.8.lz\多栋楼雨蓬范围平面图_t6.dwg,模型,2009/5/9 18:58:08,Administrator,DWG To PDF.pc3,A11 (1051.00 x 594.00 MM),1:50.1451,
C:\Users\Administrator\Desktop\S 天悦城幕墙施工图-改19.5.8.lz\多栋楼雨蓬范围平面图_t6.dwg,模型,2009/5/9 18:58:09,Administrator,DWG To PDF.pc3,A14 (1682.00 x 594.00 MM),1:60.1721,
C:\Users\Administrator\Desktop\S 天悦城幕墙施工图-改19.5.8.lz\多栋楼雨蓬范围平面图_t6.dwg,模型,2009/5/9 18:58:11,Administrator,DWG To PDF.pc3,A14 (1682.00 x 594.00 MM),1:60.1721,
C:\Users\Administrator\Desktop\S 天悦城幕墙施工图-改19.5.8.lz\钢楼梯大样图_t6.dwg,模型,2009/5/9 19:00:00,Administrator,DWG To PDF.pc3,ISO full bleed A2 (594.00 x 420.00 毫米),1:510.182,
C:\Users\Administrator\Desktop\S 天悦城幕墙施工图-改19.5.8.lz\钢楼梯大样图_t6.dwg,模型,2009/5/9 19:00:00,Administrator,DWG To PDF.pc3,ISO full bleed A2 (594.00 x 420.00 毫米),1:765.146,
C:\Users\Administrator\Desktop\S 天悦城幕墙施工图-改19.5.8.lz\钢楼梯大样图_t6.dwg,模型,2009/5/9 19:00:01,Administrator,DWG To PDF.pc3,ISO full bleed A2 (594.00 x 420.00 毫米),1:510.182,
C:\Users\Administrator\Desktop\S 天悦城幕墙施工图-改19.5.8.lz\钢楼梯大样图_t6.dwg,模型,2009/5/9 19:00:02,Administrator,DWG To PDF.pc3,ISO full bleed A2 (594.00 x 420.00 毫米),1:765.146,
C:\Users\Administrator\Desktop\S 天悦城幕墙施工图-改19.5.8.lz\钢楼梯大样图_t6.dwg,模型,2009/5/9 19:00:02,Administrator,DWG To PDF.pc3,ISO full bleed A2 (594.00 x 420.00 毫米),1:510.182,
C:\Users\Administrator\Desktop\S 天悦城幕墙施工图-改19.5.8.lz\钢楼梯大样图_t6.dwg,模型,2009/5/9 19:00:03,Administrator,DWG To PDF.pc3,ISO full bleed A2 (594.00 x 420.00 毫米),1:255.219,
C:\Users\Administrator\Desktop\S 天悦城幕墙施工图-改19.5.8.lz\钢楼梯大样图_t6.dwg,模型,2009/5/9 19:00:03,Administrator,DWG To PDF.pc3,ISO full bleed A2 (594.00 x 420.00 毫米),1:1275.07,
C:\Users\Administrator\Desktop\S 天悦城幕墙施工图-改19.5.8.lz\钢楼梯大样图_t6.dwg,模型,2009/5/9 19:00:04,Administrator,DWG To PDF.pc3,ISO full bleed A2 (594.00 x 420.00 毫米),1:1275.07,
C:\Users\Administrator\Desktop\S 天悦城幕墙施工图-改19.5.8.lz\钢楼梯大样图_t6.dwg,模型,2009/5/9 19:00:04,Administrator,DWG To PDF.pc3,ISO full bleed A2 (594.00 x 420.00 毫米),1:1275.07,
C:\Users\Administrator\Desktop\S 天悦城幕墙施工图-改19.5.8.lz\钢楼梯大样图_t6.dwg,模型,2009/5/9 19:00:05,Administrator,DWG To PDF.pc3,ISO full bleed A2 (594.00 x 420.00 毫米),1:765.146,
C:\Users\Administrator\Desktop\S 天悦城幕墙施工图-改19.5.8.lz\钢楼梯大样图_t6.dwg,模型,2009/5/9 19:00:05,Administrator,DWG To PDF.pc3,ISO full bleed A2 (594.00 x 420.00 毫米),1:2549.89,
C:\Users\Administrator\Desktop\S 天悦城幕墙施工图-改19.5.8.lz\钢楼梯大样图_t6.dwg,模型,2009/5/9 19:00:06,Administrator,DWG To PDF.pc3,ISO full bleed A2 (594.00 x 420.00 毫米),1:1275.07,
C:\Users\Administrator\Desktop\S 天悦城幕墙施工图-改19.5.8.lz\钢楼梯大样图_t6.dwg,模型,2009/5/9 19:00:06,Administrator,DWG To PDF.pc3,ISO full bleed A2 (594.00 x 420.00 毫米),1:510.182,
C:\Users\Administrator\Desktop\S 天悦城幕墙施工图-改19.5.8.lz\钢楼梯大样图_t6.dwg,模型,2009/5/9 19:00:07,Administrator,DWG To PDF.pc3,ISO full bleed A2 (594.00 x 420.00 毫米),1:765.146,
C:\Users\Administrator\Desktop\S 天悦城幕墙施工图-改19.5.8.lz\钢楼梯大样图_t6.dwg,模型,2009/5/9 19:00:07,Administrator,DWG To PDF.pc3,ISO full bleed A2 (594.00 x 420.00 毫米),1:510.182,
C:\Users\Administrator\Desktop\S 天悦城幕墙施工图-改19.5.8.lz\钢楼梯大样图_t6.dwg,模型,2009/5/9 19:00:08,Administrator,DWG To PDF.pc3,ISO full bleed A2 (594.00 x 420.00 毫米),1:765.146,
C:\Users\Administrator\Desktop\S 天悦城幕墙施工图-改19.5.8.lz\钢楼梯大样图_t6.dwg,模型,2009/5/9 19:00:08,Administrator,DWG To PDF.pc3,ISO full bleed A2 (594.00 x 420.00 毫米),1:510.182,
C:\Users\Administrator\Desktop\S 天悦城幕墙施工图-改19.5.8.lz\钢楼梯大样图_t6.dwg,模型,2009/5/9 19:00:09,Administrator,DWG To PDF.pc3,ISO full bleed A2 (594.00 x 420.00 毫米),1:765.146,
C:\Users\Administrator\Desktop\S 天悦城幕墙施工图-改19.5.8.lz\钢楼梯大样图_t6.dwg,模型,2009/5/9 19:00:09,Administrator,DWG To PDF.pc3,ISO full bleed A2 (594.00 x 420.00 毫米),1:510.182,
C:\Users\Administrator\Desktop\S 天悦城幕墙施工图-改19.5.8.lz\钢楼梯大样图_t6.dwg,模型,2009/5/9 19:00:10,Administrator,DWG To PDF.pc3,ISO full bleed A2 (594.00 x 420.00 毫米),1:765.146,
C:\Users\Administrator\Desktop\S 天悦城幕墙施工图-改19.5.8.lz\钢楼梯大样图_t6.dwg,模型,2009/5/9 19:00:10,Administrator,DWG To PDF.pc3,ISO full bleed A2 (594.00 x 420.00 毫米),1:510.182,
C:\Users\Administrator\Desktop\S 天悦城幕墙施工图-改19.5.8.lz\钢楼梯大样图_t6.dwg,模型,2009/5/9 19:00:11,Administrator,DWG To PDF.pc3,ISO full bleed A2 (594.00 x 420.00 毫米),1:765.146,
C:\Users\Administrator\Desktop\S 天悦城幕墙施工图-改19.5.8.lz\钢楼梯大样图_t6.dwg,模型,2009/5/9 19:00:11,Administrator,DWG To PDF.pc3,ISO full bleed A2 (594.00 x 420.00 毫米),1:510.182,
C:\Users\Administrator\Desktop\S 天悦城幕墙施工图-改19.5.8.lz\钢楼梯大样图_t6.dwg,模型,2009/5/9 19:00:12,Administrator,DWG To PDF.pc3,ISO full bleed A2 (594.00 x 420.00 毫米),1:510.182,
C:\Users\Administrator\Desktop\S 天悦城幕墙施工图-改19.5.8.lz\钢楼梯大样图_t6.dwg,模型,2009/5/9 19:00:12,Administrator,DWG To PDF.pc3,ISO full bleed A2 (594.00 x 420.00 毫米),1:765.146,
C:\Users\Administrator\Desktop\S 天悦城幕墙施工图-改19.5.8.lz\钢楼梯大样图_t6.dwg,模型,2009/5/9 19:00:13,Administrator,DWG To PDF.pc3,ISO full bleed A2 (594.00 x 420.00 毫米),1:765.146,
C:\Users\Administrator\Desktop\S 天悦城幕墙施工图-改19.5.8.lz\钢楼梯大样图_t6.dwg,模型,2009/5/9 19:00:13,Administrator,DWG To PDF.pc3,ISO full bleed A2 (594.00 x 420.00 毫米),1:765.146,
C:\Users\Administrator\Desktop\S 天悦城幕墙施工图-改19.5.8.lz\钢楼梯范围平面图_t6.dwg,模型,2009/5/9 19:01:44,Administrator,DWG To PDF.pc3,A14 (1682.00 x 594.00 MM),1:1528.37,
C:\Users\Administrator\Desktop\S 天悦城幕墙施工图-改19.5.8.lz\钢楼梯范围平面图_t6.dwg,模型,2009/5/9 19:01:45,Administrator,DWG To PDF.pc3,A11 (1051.00 x 594.00 MM),1:1273.68,
C:\Users\Administrator\Desktop\S 天悦城幕墙施工图-改19.5.8.lz\钢楼梯范围平面图_t6.dwg,模型,2009/5/9 19:01:46,Administrator,DWG To PDF.pc3,A12 (1262.00 x 594.00 MM),1:1273.68,
C:\Users\Administrator\Desktop\S 天悦城幕墙施工图-改19.5.8.lz\钢楼梯范围平面图_t6.dwg,模型,2009/5/9 19:01:47,Administrator,DWG To PDF.pc3,A14 (1682.00 x 594.00 MM),1:1528.37,
C:\Users\Administrator\Desktop\S 天悦城幕墙施工图-改19.5.8.lz\钢楼梯范围平面图_t6.dwg,模型,2009/5/9 19:01:47,Administrator,DWG To PDF.pc3,ISO full bleed A2 (594.00 x 420.00 毫米),1:2549.89,
C:\Users\Administrator\Desktop\S 天悦城幕墙施工图-改19.5.8.lz\钢楼梯范围平面图_t6.dwg,模型,2009/5/9 19:01:48,Administrator,DWG To PDF.pc3,ISO full bleed A2 (594.00 x 420.00 毫米),1:2549.89,
C:\Users\Administrator\Desktop\S 天悦城幕墙施工图-改19.5.8.lz\钢楼梯范围平面图_t6.dwg,模型,2009/5/9 19:01:48,Administrator,DWG To PDF.pc3,ISO full bleed A2 (594.00 x 420.00 毫米),1:2549.89,
C:\Users\Administrator\Desktop\S 天悦城幕墙施工图-改19.5.8.lz\钢楼梯范围平面图_t6.dwg,模型,2009/5/9 19:01:49,Administrator,DWG To PDF.pc3,A11 (1051.00 x 594.00 MM),1:1273.68,
C:\Users\Administrator\Desktop\S 天悦城幕墙施工图-改19.5.8.lz\钢楼梯范围平面图_t6.dwg,模型,2009/5/9 19:01:50,Administrator,DWG To PDF.pc3,A14 (1682.00 x 594.00 MM),1:1528.37,
C:\Users\Administrator\Desktop\S 天悦城幕墙施工图-改19.5.8.lz\钢楼梯范围平面图_t6.dwg,模型,2009/5/9 19:01:50,Administrator,DWG To PDF.pc3,A12 (1262.00 x 594.00 MM),1:1273.68,
C:\Users\Administrator\Desktop\S 天悦城幕墙施工图-改19.5.8.lz\钢楼梯范围平面图_t6.dwg,模型,2009/5/9 19:01:51,Administrator,DWG To PDF.pc3,A12 (1262.00 x 594.00 MM),1:1273.68,
C:\Users\Administrator\Desktop\S 天悦城幕墙施工图-改19.5.8.lz\钢楼梯范围平面图_t6.dwg,模型,2009/5/9 19:01:52,Administrator,DWG To PDF.pc3,A12 (1262.00 x 594.00 MM),1:1273.68,
C:\Users\Administrator\Desktop\S 天悦城幕墙施工图-改19.5.8.lz\钢楼梯范围平面图_t6.dwg,模型,2009/5/9 19:01:53,Administrator,DWG To PDF.pc3,A14 (1682.00 x 594.00 MM),1:1528.37,
C:\Users\Administrator\Desktop\S 天悦城幕墙施工图-改19.5.8.lz\钢楼梯范围平面图_t6.dwg,模型,2009/5/9 19:01:53,Administrator,DWG To PDF.pc3,A12 (1262.00 x 594.00 MM),1:1273.68,
C:\Users\Administrator\Desktop\S 天悦城幕墙施工图-改19.5.8.lz\钢楼梯范围平面图_t6.dwg,模型,2009/5/9 19:01:54,Administrator,DWG To PDF.pc3,A12 (1262.00 x 594.00 MM),1:1273.68,
C:\Users\Administrator\Desktop\S 天悦城幕墙施工图-改19.5.8.lz\楼梯雨蓬大样图_t6.dwg,模型,2009/5/9 19:03:10,Administrator,DWG To PDF.pc3,ISO full bleed A2 (594.00 x 420.00 毫米),1:1275.07,
C:\Users\Administrator\Desktop\S 天悦城幕墙施工图-改19.5.8.lz\楼梯雨蓬大样图_t6.dwg,模型,2009/5/9 19:03:11,Administrator,DWG To PDF.pc3,ISO full bleed A2 (594.00 x 420.00 毫米),1:1275.07,
C:\Users\Administrator\Desktop\S 天悦城幕墙施工图-改19.5.8.lz\楼梯雨蓬大样图_t6.dwg,模型,2009/5/9 19:03:11,Administrator,DWG To PDF.pc3,ISO full bleed A2 (594.00 x 420.00 毫米),1:1275.07,
C:\Users\Administrator\Desktop\S 天悦城幕墙施工图-改19.5.8.lz\楼梯雨蓬大样图_t6.dwg,模型,2009/5/9 19:03:12,Administrator,DWG To PDF.pc3,ISO full bleed A2 (594.00 x 420.00 毫米),1:1275.07,
C:\Users\Administrator\Desktop\S 天悦城幕墙施工图-改19.5.8.lz\楼梯雨蓬大样图_t6.dwg,模型,2009/5/9 19:03:12,Administrator,DWG To PDF.pc3,ISO full bleed A2 (594.00 x 420.00 毫米),1:1275.07,
C:\Users\Administrator\Desktop\S 天悦城幕墙施工图-改19.5.8.lz\楼梯雨蓬大样图_t6.dwg,模型,2009/5/9 19:03:13,Administrator,DWG To PDF.pc3,ISO full bleed A2 (594.00 x 420.00 毫米),1:1275.07,
C:\Users\Administrator\Desktop\S 天悦城幕墙施工图-改19.5.8.lz\楼梯雨蓬大样图_t6.dwg,模型,2009/5/9 19:03:13,Administrator,DWG To PDF.pc3,ISO full bleed A2 (594.00 x 420.00 毫米),1:255.219,
C:\Users\Administrator\Desktop\S 天悦城幕墙施工图-改19.5.8.lz\楼梯雨蓬大样图_t6.dwg,模型,2009/5/9 19:03:14,Administrator,DWG To PDF.pc3,ISO full bleed A2 (594.00 x 420.00 毫米),1:382.701,
C:\Users\Administrator\Desktop\S 天悦城幕墙施工图-改19.5.8.lz\楼梯雨蓬大样图_t6.dwg,模型,2009/5/9 19:03:14,Administrator,DWG To PDF.pc3,ISO full bleed A2 (594.00 x 420.00 毫米),1:1275.07,
C:\Users\Administrator\Desktop\S 天悦城幕墙施工图-改19.5.8.lz\楼梯雨蓬大样图_t6.dwg,模型,2009/5/9 19:03:15,Administrator,DWG To PDF.pc3,ISO full bleed A2 (594.00 x 420.00 毫米),1:1275.07,
C:\Users\Administrator\Desktop\S 天悦城幕墙施工图-改19.5.8.lz\楼梯雨蓬大样图_t6.dwg,模型,2009/5/9 19:03:15,Administrator,DWG To PDF.pc3,ISO full bleed A2 (594.00 x 420.00 毫米),1:1275.07,
C:\Users\Administrator\Desktop\S 天悦城幕墙施工图-改19.5.8.lz\楼梯雨蓬大样图_t6.dwg,模型,2009/5/9 19:03:16,Administrator,DWG To PDF.pc3,ISO full bleed A2 (594.00 x 420.00 毫米),1:1275.07,
C:\Users\Administrator\Desktop\S 天悦城幕墙施工图-改19.5.8.lz\楼梯雨蓬大样图_t6.dwg,模型,2009/5/9 19:03:16,Administrator,DWG To PDF.pc3,ISO full bleed A2 (594.00 x 420.00 毫米),1:1275.07,
C:\Users\Administrator\Desktop\S 天悦城幕墙施工图-改19.5.8.lz\楼梯雨蓬大样图_t6.dwg,模型,2009/5/9 19:03:17,Administrator,DWG To PDF.pc3,ISO full bleed A2 (594.00 x 420.00 毫米),1:1275.07,
C:\Users\Administrator\Desktop\S 天悦城幕墙施工图-改19.5.8.lz\楼梯雨蓬大样图_t6.dwg,模型,2009/5/9 19:03:17,Administrator,DWG To PDF.pc3,ISO full bleed A2 (594.00 x 420.00 毫米),1:1275.07,
C:\Users\Administrator\Desktop\S 天悦城幕墙施工图-改19.5.8.lz\楼梯雨蓬大样图_t6.dwg,模型,2009/5/9 19:03:18,Administrator,DWG To PDF.pc3,ISO full bleed A2 (594.00 x 420.00 毫米),1:1275.07,
C:\Users\Administrator\Desktop\S 天悦城幕墙施工图-改19.5.8.lz\楼梯雨蓬大样图_t6.dwg,模型,2009/5/9 19:03:18,Administrator,DWG To PDF.pc3,ISO full bleed A2 (594.00 x 420.00 毫米),1:1275.07,
C:\Users\Administrator\Desktop\S 天悦城幕墙施工图-改19.5.8.lz\楼梯雨蓬大样图_t6.dwg,模型,2009/5/9 19:03:19,Administrator,DWG To PDF.pc3,ISO full bleed A2 (594.00 x 420.00 毫米),1:1275.07,
C:\Users\Administrator\Desktop\S 天悦城幕墙施工图-改19.5.8.lz\楼梯雨蓬大样图_t6.dwg,模型,2009/5/9 19:03:19,Administrator,DWG To PDF.pc3,ISO full bleed A2 (594.00 x 420.00 毫米),1:1275.07,
C:\Users\Administrator\Desktop\S 天悦城幕墙施工图-改19.5.8.lz\楼梯雨蓬大样图_t6.dwg,模型,2009/5/9 19:03:20,Administrator,DWG To PDF.pc3,ISO full bleed A2 (594.00 x 420.00 毫米),1:1275.07,
C:\Users\Administrator\Desktop\S 天悦城幕墙施工图-改19.5.8.lz\楼梯雨蓬大样图_t6.dwg,模型,2009/5/9 19:03:20,Administrator,DWG To PDF.pc3,ISO full bleed A2 (594.00 x 420.00 毫米),1:1275.07,
C:\Users\Administrator\Desktop\S 天悦城幕墙施工图-改19.5.8.lz\楼梯雨蓬大样图_t6.dwg,模型,2009/5/9 19:03:21,Administrator,DWG To PDF.pc3,ISO full bleed A2 (594.00 x 420.00 毫米),1:1275.07,
C:\Users\Administrator\Desktop\S 天悦城幕墙施工图-改19.5.8.lz\楼梯雨蓬大样图_t6.dwg,模型,2009/5/9 19:03:21,Administrator,DWG To PDF.pc3,ISO full bleed A2 (594.00 x 420.00 毫米),1:1275.07,
C:\Users\Administrator\Desktop\S 天悦城幕墙施工图-改19.5.8.lz\商业平立剖_t6.dwg,模型,2009/5/9 19:04:57,Administrator,DWG To PDF.pc3,ISO A0 (841.00 x 1189.00 毫米),1:4189.52,
C:\Users\Administrator\Desktop\S 天悦城幕墙施工图-改19.5.8.lz\商业平立剖_t6.dwg,模型,2009/5/9 19:04:59,Administrator,DWG To PDF.pc3,ISO A0 (841.00 x 1189.00 毫米),1:4189.52,
C:\Users\Administrator\Desktop\S 天悦城幕墙施工图-改19.5.8.lz\商业平立剖_t6.dwg,模型,2009/5/9 19:05:00,Administrator,DWG To PDF.pc3,ISO A0 (841.00 x 1189.00 毫米),1:4189.52,
C:\Users\Administrator\Desktop\S 天悦城幕墙施工图-改19.5.8.lz\商业平立剖_t6.dwg,模型,2009/5/9 19:05:03,Administrator,DWG To PDF.pc3,ISO full bleed A2 (594.00 x 420.00 毫米),1:2039.96,
C:\Users\Administrator\Desktop\S 天悦城幕墙施工图-改19.5.8.lz\商业平立剖_t6.dwg,模型,2009/5/9 19:05:04,Administrator,DWG To PDF.pc3,ISO A0 (841.00 x 1189.00 毫米),1:4189.52,
C:\Users\Administrator\Desktop\S 天悦城幕墙施工图-改19.5.8.lz\商业平立剖_t6.dwg,模型,2009/5/9 19:05:05,Administrator,DWG To PDF.pc3,ISO A0 (841.00 x 1189.00 毫米),1:4189.52,
C:\Users\Administrator\Desktop\S 天悦城幕墙施工图-改19.5.8.lz\商业平立剖_t6.dwg,模型,2009/5/9 19:05:08,Administrator,DWG To PDF.pc3,A12 (1262.00 x 594.00 MM),1:2547.11,
C:\Users\Administrator\Desktop\S 天悦城幕墙施工图-改19.5.8.lz\商业平立剖_t6.dwg,模型,2009/5/9 19:05:09,Administrator,DWG To PDF.pc3,ISO full bleed A1 (841.00 x 594.00 毫米),1:2547.06,
C:\Users\Administrator\Desktop\S 天悦城幕墙施工图-改19.5.8.lz\商业平立剖_t6.dwg,模型,2009/5/9 19:05:10,Administrator,DWG To PDF.pc3,A01 (1486.00 x 841.00 MM),1:4069.36,
C:\Users\Administrator\Desktop\S 天悦城幕墙施工图-改19.5.8.lz\商业雨蓬、电梯大样图.dwg,模型,2009/5/9 19:06:18,Administrator,DWG To PDF.pc3,ISO full bleed A2 (594.00 x 420.00 毫米),1:255.219,
C:\Users\Administrator\Desktop\S 天悦城幕墙施工图-改19.5.8.lz\商业雨蓬、电梯大样图.dwg,模型,2009/5/9 19:06:19,Administrator,DWG To PDF.pc3,ISO full bleed A2 (594.00 x 420.00 毫米),1:765.146,
C:\Users\Administrator\Desktop\S 天悦城幕墙施工图-改19.5.8.lz\商业雨蓬、电梯大样图.dwg,模型,2009/5/9 19:06:19,Administrator,DWG To PDF.pc3,ISO full bleed A2 (594.00 x 420.00 毫米),1:2549.89,
C:\Users\Administrator\Desktop\S 天悦城幕墙施工图-改19.5.8.lz\商业雨蓬、电梯大样图.dwg,模型,2009/5/9 19:06:20,Administrator,DWG To PDF.pc3,ISO full bleed A2 (420.00 x 594.00 毫米),1:1020.11,
C:\Users\Administrator\Desktop\S 天悦城幕墙施工图-改19.5.8.lz\商业雨蓬、电梯大样图.dwg,模型,2009/5/9 19:06:20,Administrator,DWG To PDF.pc3,ISO full bleed A2 (594.00 x 420.00 毫米),1:1275.07,
C:\Users\Administrator\Desktop\S 天悦城幕墙施工图-改19.5.8.lz\商业雨蓬、电梯大样图.dwg,模型,2009/5/9 19:06:21,Administrator,DWG To PDF.pc3,ISO full bleed A2 (594.00 x 420.00 毫米),1:1275.07,
C:\Users\Administrator\Desktop\S 天悦城幕墙施工图-改19.5.8.lz\商业雨蓬、电梯大样图.dwg,模型,2009/5/9 19:06:21,Administrator,DWG To PDF.pc3,ISO full bleed A2 (420.00 x 594.00 毫米),1:765.146,
C:\Users\Administrator\Desktop\S 天悦城幕墙施工图-改19.5.8.lz\商业雨蓬、电梯大样图.dwg,模型,2009/5/9 19:06:22,Administrator,DWG To PDF.pc3,ISO full bleed A2 (594.00 x 420.00 毫米),1:1275.07,
C:\Users\Administrator\Desktop\S 天悦城幕墙施工图-改19.5.8.lz\商业雨蓬、电梯大样图.dwg,模型,2009/5/9 19:06:22,Administrator,DWG To PDF.pc3,ISO full bleed A2 (594.00 x 420.00 毫米),1:1275.07,
C:\Users\Administrator\Desktop\S 天悦城幕墙施工图-改19.5.8.lz\商业雨蓬、电梯大样图.dwg,模型,2009/5/9 19:06:23,Administrator,DWG To PDF.pc3,ISO full bleed A2 (594.00 x 420.00 毫米),1:1275.07,
C:\Users\Administrator\Desktop\S 天悦城幕墙施工图-改19.5.8.lz\商业雨蓬、电梯大样图.dwg,模型,2009/5/9 19:06:23,Administrator,DWG To PDF.pc3,ISO full bleed A2 (594.00 x 420.00 毫米),1:255.219,
C:\Users\Administrator\Desktop\S 天悦城幕墙施工图-改19.5.8.lz\商业雨蓬、电梯大样图.dwg,模型,2009/5/9 19:06:24,Administrator,DWG To PDF.pc3,ISO full bleed A2 (594.00 x 420.00 毫米),1:255.219,
C:\Users\Administrator\Desktop\S 天悦城幕墙施工图-改19.5.8.lz\商业雨蓬、电梯大样图.dwg,模型,2009/5/9 19:06:24,Administrator,DWG To PDF.pc3,ISO full bleed A2 (594.00 x 420.00 毫米),1:1275.07,
C:\Users\Administrator\Desktop\S 天悦城幕墙施工图-改19.5.8.lz\商业雨蓬、电梯大样图.dwg,模型,2009/5/9 19:06:25,Administrator,DWG To PDF.pc3,ISO full bleed A2 (594.00 x 420.00 毫米),1:1275.07,
C:\Users\Administrator\Desktop\S 天悦城幕墙施工图-改19.5.8.lz\商业雨蓬、电梯大样图.dwg,模型,2009/5/9 19:06:25,Administrator,DWG To PDF.pc3,ISO full bleed A2 (594.00 x 420.00 毫米),1:255.219,
C:\Users\Administrator\Desktop\S 天悦城幕墙施工图-改19.5.8.lz\商业雨蓬、电梯大样图.dwg,模型,2009/5/9 19:06:26,Administrator,DWG To PDF.pc3,ISO full bleed A2 (594.00 x 420.00 毫米),1:2549.89,
C:\Users\Administrator\Desktop\S 天悦城幕墙施工图-改19.5.8.lz\设计说明、目录.dwg,模型,2009/5/9 19:07:47,Administrator,DWG To PDF.pc3,ISO full bleed A2 (594.00 x 420.00 毫米),1:2549.89,
C:\Users\Administrator\Desktop\S 天悦城幕墙施工图-改19.5.8.lz\设计说明、目录.dwg,模型,2009/5/9 19:07:48,Administrator,DWG To PDF.pc3,ISO full bleed A2 (594.00 x 420.00 毫米),1:2549.89,
C:\Users\Administrator\Desktop\S 天悦城幕墙施工图-改19.5.8.---去教育版\钢楼梯大样图_t6.dwg,模型,2009/5/10 10:39:31,Administrator,DWG To PDF.pc3,ISO full bleed A2 (594.00 x 420.00 毫米),1:1275.07,
C:\Users\Administrator\Desktop\S 天悦城幕墙施工图-改19.5.8.---去教育版\钢楼梯大样图_t6.dwg,模型,2009/5/10 10:39:32,Administrator,DWG To PDF.pc3,ISO full bleed A2 (594.00 x 420.00 毫米),1:1275.07,
F:\project\转PDF问题整理8.30修改\新测试\新测试\CAD_t3.dwg,模型,2019/8/31 15:54:51,homeDesignCAD,DWG To PDF.pc3,ISO full bleed A1 (841.00 x 594.00 毫米),1:515.197,
F:\project\转PDF问题整理8.30修改\新测试\新测试\CAD_t3.dwg,模型,2019/8/31 15:58:22,homeDesignCAD,DWG To PDF.pc3,ISO full bleed A1 (841.00 x 594.00 毫米),1:515.197,
F:\project\转PDF问题整理8.30修改\新测试\新测试\CAD_t3.dwg,模型,2019/8/31 16:01:25,homeDesignCAD,DWG To PDF.pc3,ISO full bleed A1 (841.00 x 594.00 毫米),1:515.197,
F:\project\BatchPlotPdf\BatchPlotPdf\bin\Debug\CAD_t3.dwg,模型,2019/8/31 23:33:48,homeDesignCAD,DWG To PDF.pc3,ISO full bleed A1 (841.00 x 594.00 毫米),1:515.344,
F:\project\BatchPlotPdf\BatchPlotPdf\bin\Debug\CAD_t3.dwg,模型,2019/9/1 15:43:32,homeDesignCAD,DWG To PDF.pc3,ISO full bleed A1 (841.00 x 594.00 毫米),1:515.27,
